ERC report (2026-06-17T11:10:09, Encoding UTF8)
Report includes: Errors

***** Sheet /
[power_pin_not_driven]: Input Power pin not driven by any Output Power pins
    ; error
    @(365.76 mm, 34.29 mm): Symbol J3 Pin 1 [VCC, Power input, Line]
[pin_not_driven]: Input pin not driven by any Output pins
    ; error
    @(365.76 mm, 36.83 mm): Symbol J3 Pin 2 [RST, Input, Line]
[power_pin_not_driven]: Input Power pin not driven by any Output Power pins
    ; error
    @(426.72 mm, 90.17 mm): Symbol CN1 Pin 2 [2, Input, Line]
[power_pin_not_driven]: Input Power pin not driven by any Output Power pins
    ; error
    @(458.47 mm, 34.29 mm): Symbol #PWR032 Pin 1 [Power input, Line]
[power_pin_not_driven]: Input Power pin not driven by any Output Power pins
    ; error
    @(429.26 mm, 222.25 mm): Symbol U1 Pin B1 [VDD, Power input, Line]
[power_pin_not_driven]: Input Power pin not driven by any Output Power pins
    ; error
    @(434.34 mm, 222.25 mm): Symbol U1 Pin AD2 [VBUS, Power input, Line]
[pin_not_driven]: Input pin not driven by any Output pins
    ; error
    @(396.24 mm, 339.09 mm): Symbol U1 Pin AA24 [SWDCLK, Input, Line]

 ** ERC messages: 7  Errors 7  Warnings 0

 ** Ignored checks:
    - Global label only appears once in the schematic
    - Four connection points are joined together
    - SPICE model issue
    - Assigned footprint doesn't match footprint filters
