\BOOKMARK [1][-]{section.1}{\376\377\000P\000r\000o\000d\000u\000c\000t\000\040\000O\000v\000e\000r\000v\000i\000e\000w}{}% 1
\BOOKMARK [2][-]{subsection.1.1}{\376\377\000C\000o\000n\000f\000i\000r\000m\000e\000d\000\040\000S\000c\000o\000p\000e}{section.1}% 2
\BOOKMARK [2][-]{subsection.1.2}{\376\377\000D\000e\000s\000c\000o\000p\000e\000d\000\040\000I\000t\000e\000m\000s}{section.1}% 3
\BOOKMARK [1][-]{section.2}{\376\377\000D\000e\000s\000i\000g\000n\000\040\000R\000e\000q\000u\000i\000r\000e\000m\000e\000n\000t\000s}{}% 4
\BOOKMARK [1][-]{section.3}{\376\377\000P\000h\000y\000s\000i\000c\000a\000l\000\040\000D\000e\000s\000i\000g\000n}{}% 5
\BOOKMARK [2][-]{subsection.3.1}{\376\377\000M\000a\000t\000e\000r\000i\000a\000l\000\040\000S\000t\000a\000c\000k}{section.3}% 6
\BOOKMARK [2][-]{subsection.3.2}{\376\377\000D\000i\000m\000e\000n\000s\000i\000o\000n\000s\000\040\000\050\000C\000o\000m\000p\000a\000c\000t\000\040\000V\000a\000r\000i\000a\000n\000t\000\051}{section.3}% 7
\BOOKMARK [2][-]{subsection.3.3}{\376\377\000E\000n\000c\000l\000o\000s\000u\000r\000e}{section.3}% 8
\BOOKMARK [2][-]{subsection.3.4}{\376\377\000C\000l\000o\000s\000u\000r\000e\000\040\000\046\000\040\000L\000o\000c\000k\000\040\040\024\000\040\000S\000o\000l\000e\000n\000o\000i\000d\000\040\000P\000i\000n\000\040\000L\000a\000t\000c\000h}{section.3}% 9
\BOOKMARK [1][-]{section.4}{\376\377\000E\000l\000e\000c\000t\000r\000o\000n\000i\000c\000\040\000A\000r\000c\000h\000i\000t\000e\000c\000t\000u\000r\000e}{}% 10
\BOOKMARK [2][-]{subsection.4.1}{\376\377\000S\000y\000s\000t\000e\000m\000\040\000B\000l\000o\000c\000k\000\040\000D\000i\000a\000g\000r\000a\000m}{section.4}% 11
\BOOKMARK [2][-]{subsection.4.2}{\376\377\000C\000o\000r\000e\000\040\000I\000C\000s}{section.4}% 12
\BOOKMARK [1][-]{section.5}{\376\377\000C\000o\000n\000n\000e\000c\000t\000i\000v\000i\000t\000y}{}% 13
\BOOKMARK [2][-]{subsection.5.1}{\376\377\000C\000e\000l\000l\000u\000l\000a\000r}{section.5}% 14
\BOOKMARK [2][-]{subsection.5.2}{\376\377\000G\000N\000S\000S}{section.5}% 15
\BOOKMARK [2][-]{subsection.5.3}{\376\377\000B\000L\000E}{section.5}% 16
\BOOKMARK [2][-]{subsection.5.4}{\376\377\000A\000n\000t\000e\000n\000n\000a\000s}{section.5}% 17
\BOOKMARK [1][-]{section.6}{\376\377\000L\000o\000c\000k\000i\000n\000g\000\040\000S\000y\000s\000t\000e\000m}{}% 18
\BOOKMARK [2][-]{subsection.6.1}{\376\377\000P\000r\000i\000m\000a\000r\000y\000\040\000L\000o\000c\000k\000\040\040\024\000\040\000S\000o\000l\000e\000n\000o\000i\000d\000\040\000P\000i\000n\000\040\000\050\000E\000l\000e\000c\000t\000r\000o\000m\000e\000c\000h\000a\000n\000i\000c\000a\000l\000\051}{section.6}% 19
\BOOKMARK [2][-]{subsection.6.2}{\376\377\000B\000a\000c\000k\000u\000p\000\040\040\024\000\040\000M\000e\000c\000h\000a\000n\000i\000c\000a\000l\000\040\000K\000e\000y\000\040\000O\000v\000e\000r\000r\000i\000d\000e}{section.6}% 20
\BOOKMARK [2][-]{subsection.6.3}{\376\377\000U\000n\000l\000o\000c\000k\000\040\000M\000e\000t\000h\000o\000d\000s\000\040\000\050\000p\000r\000i\000o\000r\000i\000t\000y\000\040\000o\000r\000d\000e\000r\000\051}{section.6}% 21
\BOOKMARK [2][-]{subsection.6.4}{\376\377\000A\000u\000t\000o\000-\000L\000o\000c\000k\000\040\000/\000\040\000D\000e\000a\000d\000-\000M\000a\000n\000\040\000S\000w\000i\000t\000c\000h}{section.6}% 22
\BOOKMARK [1][-]{section.7}{\376\377\000A\000l\000a\000r\000m\000\040\000S\000y\000s\000t\000e\000m}{}% 23
\BOOKMARK [2][-]{subsection.7.1}{\376\377\000A\000u\000d\000i\000o\000\040\040\024\000\040\000P\000i\000e\000z\000o\000e\000l\000e\000c\000t\000r\000i\000c\000\040\000D\000i\000a\000p\000h\000r\000a\000g\000m\000\040\000+\000\040\000H\000e\000l\000m\000h\000o\000l\000t\000z\000\040\000C\000h\000a\000m\000b\000e\000r}{section.7}% 24
\BOOKMARK [2][-]{subsection.7.2}{\376\377\000S\000i\000r\000e\000n\000\040\000D\000r\000i\000v\000e\000\040\040\024\000\040\000B\000o\000o\000s\000t\000\040\000+\000\040\000F\000u\000l\000l\000\040\000H\000-\000B\000r\000i\000d\000g\000e}{section.7}% 25
\BOOKMARK [2][-]{subsection.7.3}{\376\377\000V\000i\000s\000u\000a\000l\000\040\040\024\000\040\000S\000t\000r\000o\000b\000e\000\040\000L\000E\000D\000\040\000A\000r\000r\000a\000y}{section.7}% 26
\BOOKMARK [2][-]{subsection.7.4}{\376\377\000A\000l\000a\000r\000m\000\040\000T\000r\000i\000g\000g\000e\000r\000\040\000C\000o\000n\000d\000i\000t\000i\000o\000n\000s}{section.7}% 27
\BOOKMARK [1][-]{section.8}{\376\377\000B\000i\000o\000m\000e\000t\000r\000i\000c\000\040\000A\000c\000c\000e\000s\000s}{}% 28
\BOOKMARK [1][-]{section.9}{\376\377\000P\000o\000w\000e\000r\000\040\000A\000r\000c\000h\000i\000t\000e\000c\000t\000u\000r\000e}{}% 29
\BOOKMARK [1][-]{section.10}{\376\377\000P\000C\000B\000\040\000\046\000\040\000P\000a\000s\000s\000i\000v\000e\000s}{}% 30
\BOOKMARK [1][-]{section.11}{\376\377\000K\000e\000y\000\040\000D\000e\000s\000i\000g\000n\000\040\000D\000e\000c\000i\000s\000i\000o\000n\000s\000\040\000\050\000c\000o\000n\000f\000i\000r\000m\000e\000d\000\051}{}% 31
\BOOKMARK [1][-]{section.12}{\376\377\000S\000o\000f\000t\000w\000a\000r\000e\000\040\000\046\000\040\000B\000a\000c\000k\000e\000n\000d}{}% 32
\BOOKMARK [2][-]{subsection.12.1}{\376\377\000R\000e\000p\000o\000s\000i\000t\000o\000r\000y\000\040\000S\000t\000r\000u\000c\000t\000u\000r\000e}{section.12}% 33
\BOOKMARK [2][-]{subsection.12.2}{\376\377\000T\000r\000a\000c\000k\000e\000r\000\040\000A\000r\000c\000h\000i\000t\000e\000c\000t\000u\000r\000e\000\040\000\050\000i\000m\000p\000l\000e\000m\000e\000n\000t\000e\000d\000\040\040\024\000\040\000A\000i\000r\000T\000a\000g\000-\000s\000t\000y\000l\000e\000\040\000r\000e\000l\000a\000y\000\051}{section.12}% 34
\BOOKMARK [2][-]{subsection.12.3}{\376\377\000f\000m\000d\000-\000s\000e\000r\000v\000e\000r\000\040\000\050\000G\000o\000\040\000+\000\040\000R\000e\000a\000c\000t\000\051}{section.12}% 35
\BOOKMARK [2][-]{subsection.12.4}{\376\377\000f\000m\000d\000-\000a\000n\000d\000r\000o\000i\000d\000\040\000\050\000K\000o\000t\000l\000i\000n\000\051}{section.12}% 36
\BOOKMARK [2][-]{subsection.12.5}{\376\377\000f\000i\000r\000m\000w\000a\000r\000e\000/\000n\000r\000f\0005\0002\0008\0004\0000\000\040\000\050\000P\000l\000a\000t\000f\000o\000r\000m\000I\000O\000,\000\040\000A\000r\000d\000u\000i\000n\000o\000\040\000f\000r\000a\000m\000e\000w\000o\000r\000k\000\051}{section.12}% 37
\BOOKMARK [2][-]{subsection.12.6}{\376\377\000i\000n\000f\000r\000a\000\040\000\050\000A\000n\000s\000i\000b\000l\000e\000\051\000\040\000/\000\040\000D\000e\000p\000l\000o\000y\000m\000e\000n\000t}{section.12}% 38
\BOOKMARK [2][-]{subsection.12.7}{\376\377\000B\000u\000i\000l\000d\000\040\000\046\000\040\000D\000e\000p\000l\000o\000y\000\040\000C\000o\000m\000m\000a\000n\000d\000s}{section.12}% 39
\BOOKMARK [1][-]{section.13}{\376\377\000M\000a\000n\000u\000f\000a\000c\000t\000u\000r\000i\000n\000g}{}% 40
\BOOKMARK [1][-]{section.14}{\376\377\000R\000o\000a\000d\000m\000a\000p\000\040\000/\000\040\000T\000O\000D\000O}{}% 41
\BOOKMARK [2][-]{subsection.14.1}{\376\377\000P\0000\000\040\040\024\000\040\000W\000o\000r\000k\000i\000n\000g\000\040\000t\000r\000a\000c\000k\000e\000r\000\040\000d\000e\000m\000o\000\040\000\050\000c\000o\000m\000p\000l\000e\000t\000e\000;\000\040\000w\000a\000l\000k\000\040\000t\000e\000s\000t\000\040\000p\000e\000n\000d\000i\000n\000g\000\051}{section.14}% 42
\BOOKMARK [2][-]{subsection.14.2}{\376\377\000P\0001\000\040\040\024\000\040\000D\000e\000m\000o\000\040\000h\000a\000r\000d\000e\000n\000i\000n\000g}{section.14}% 43
\BOOKMARK [2][-]{subsection.14.3}{\376\377\000P\0002\000\040\040\024\000\040\000A\000n\000t\000i\000-\000t\000h\000e\000f\000t\000\040\000f\000e\000a\000t\000u\000r\000e\000\040\000s\000e\000t}{section.14}% 44
\BOOKMARK [2][-]{subsection.14.4}{\376\377\000P\0003\000\040\040\024\000\040\000n\000R\000F\0009\0001\0005\0001\000\040\000D\000K\000\040\000p\000r\000o\000t\000o\000t\000y\000p\000e\000\040\000\050\000s\000t\000a\000n\000d\000a\000l\000o\000n\000e\000,\000\040\000n\000o\000\040\000p\000h\000o\000n\000e\000\051}{section.14}% 45
\BOOKMARK [2][-]{subsection.14.5}{\376\377\000P\0004\000\040\040\024\000\040\000P\000e\000r\000i\000p\000h\000e\000r\000a\000l\000\040\000f\000i\000r\000m\000w\000a\000r\000e\000\040\000\050\000w\000r\000i\000t\000e\000\040\000b\000e\000f\000o\000r\000e\000\040\000w\000i\000r\000i\000n\000g\000\051}{section.14}% 46
\BOOKMARK [2][-]{subsection.14.6}{\376\377\000P\0005\000\040\040\024\000\040\000H\000a\000r\000d\000w\000a\000r\000e\000\040\000/\000\040\000m\000e\000c\000h\000a\000n\000i\000c\000a\000l\000\040\000\050\000p\000a\000r\000a\000l\000l\000e\000l\000\040\000t\000r\000a\000c\000k\000\051}{section.14}% 47
