ERC report (2026-06-19T00:11:52, Encoding UTF8)
Report includes: Errors, Warnings

***** Sheet /
[pin_not_driven]: Input pin not driven by any Output pins
    ; error
    @(276.86 mm, 34.29 mm): Symbol U8 Pin 2 [2, Input, Line]
[pin_not_driven]: Input pin not driven by any Output pins
    ; error
    @(387.35 mm, 39.37 mm): Symbol U5 Pin 3 [IN1, Input, Line]
[pin_not_driven]: Input pin not driven by any Output pins
    ; error
    @(387.35 mm, 41.91 mm): Symbol U5 Pin 2 [IN2, Input, Line]

 ** ERC messages: 3  Errors 3  Warnings 0

 ** Ignored checks:
    - Global label only appears once in the schematic
    - Four connection points are joined together
    - Conflict problem between pins
    - SPICE model issue
    - Symbol doesn't match copy in library
    - Assigned footprint doesn't match footprint filters
