ERC report (2026-06-18T15:51:39, Encoding UTF8)
Report includes: Errors, Warnings

***** Sheet /
[power_pin_not_driven]: Input Power pin not driven by any Output Power pins
    ; error
    @(436.88 mm, 46.99 mm): Symbol #PWR0104 Pin 1 [Power input, Line]
[power_pin_not_driven]: Input Power pin not driven by any Output Power pins
    ; error
    @(444.50 mm, 173.99 mm): Symbol U3 Pin A5 [LSOUT2/VOUTLDO2, Power input, Line]
[power_pin_not_driven]: Input Power pin not driven by any Output Power pins
    ; error
    @(444.50 mm, 189.23 mm): Symbol U3 Pin B4 [LSIN1/VINLDO1, Power input, Line]
[power_pin_not_driven]: Input Power pin not driven by any Output Power pins
    ; error
    @(444.50 mm, 191.77 mm): Symbol U3 Pin B5 [LSIN2/VINLDO2, Power input, Line]
[pin_not_connected]: Pin not connected
    ; error
    @(532.13 mm, 168.91 mm): Symbol C23 Pin 1 [Passive, Line]
[isolated_pin_label]: Label connected to only one pin
    ; warning
    @(209.55 mm, 55.88 mm): Label 'VTref_9151'
[missing_unit]: Symbol D2 has unplaced units [ B ]
    ; warning
    @(436.88 mm, 54.61 mm): Symbol D2 [BAV199DW]
[unconnected_wire_endpoint]: Unconnected wire endpoint
    ; warning
    @(532.13 mm, 165.10 mm): Vertical Wire, length 3.81 mm

 ** ERC messages: 8  Errors 5  Warnings 3

 ** Ignored checks:
    - Global label only appears once in the schematic
    - Four connection points are joined together
    - Conflict problem between pins
    - SPICE model issue
    - Symbol doesn't match copy in library
    - Assigned footprint doesn't match footprint filters
