ERC report (2026-06-18T23:56:40, Encoding UTF8)
Report includes: Errors, Warnings

***** Sheet /
[pin_not_driven]: Input pin not driven by any Output pins
    ; error
    @(276.86 mm, 34.29 mm): Symbol U8 Pin 2 [2, Input, Line]
[pin_not_connected]: Pin not connected
    ; error
    @(270.51 mm, 151.13 mm): Symbol U3 Pin 49 [VSS, Unspecified, Line]
[pin_not_driven]: Input pin not driven by any Output pins
    ; error
    @(387.35 mm, 39.37 mm): Symbol U5 Pin 3 [IN1, Input, Line]
[pin_not_driven]: Input pin not driven by any Output pins
    ; error
    @(387.35 mm, 41.91 mm): Symbol U5 Pin 2 [IN2, Input, Line]
[unconnected_wire_endpoint]: Unconnected wire endpoint
    ; warning
    @(299.72 mm, 184.15 mm): Horizontal Wire, length 2.54 mm

 ** ERC messages: 5  Errors 4  Warnings 1

 ** Ignored checks:
    - Global label only appears once in the schematic
    - Four connection points are joined together
    - Conflict problem between pins
    - SPICE model issue
    - Symbol doesn't match copy in library
    - Assigned footprint doesn't match footprint filters
