** Drc report for smart_pouch.kicad_pcb **
** Created on 2026-06-18T18:58:05 **
** Report includes: Errors, Warnings **

** Found 65 DRC violations **
[annular_width]: Annular width (board setup constraints min annular width 0.1000 mm; actual 0.0030 mm)
    Rule: board setup constraints; error
    @(213.1170 mm, 80.3900 mm): PTH pad [<no net>] of USB1
[annular_width]: Annular width (board setup constraints min annular width 0.1000 mm; actual 0.0030 mm)
    Rule: board setup constraints; error
    @(213.1170 mm, 74.6100 mm): PTH pad [<no net>] of USB1
[annular_width]: Annular width (board setup constraints min annular width 0.1000 mm; actual 0.0032 mm)
    Rule: board setup constraints; error
    @(60.5000 mm, 125.5000 mm): PTH pad [<no net>] of Card1
[annular_width]: Annular width (board setup constraints min annular width 0.1000 mm; actual 0.0032 mm)
    Rule: board setup constraints; error
    @(69.0000 mm, 125.5000 mm): PTH pad [<no net>] of Card1
[courtyards_overlap]: Courtyards overlap
    Rule: board setup constraints courtyard; error
    @(174.5000 mm, 109.0000 mm): Footprint R23
    @(178.5000 mm, 110.0000 mm): Footprint CN1
[silk_edge_clearance]: Silkscreen clipped by board edge
    Rule: board setup constraints silk; warning
    @(49.0000 mm, 49.0000 mm): Rectangle on Edge.Cuts
    @(219.2470 mm, 72.9300 mm): Segment of USB1 on F.Silkscreen
[silk_edge_clearance]: Silkscreen clipped by board edge
    Rule: board setup constraints silk; warning
    @(49.0000 mm, 49.0000 mm): Rectangle on Edge.Cuts
    @(219.3870 mm, 82.0000 mm): Segment of USB1 on F.Silkscreen
[silk_edge_clearance]: Silkscreen clipped by board edge
    Rule: board setup constraints silk; warning
    @(49.0000 mm, 49.0000 mm): Rectangle on Edge.Cuts
    @(132.0000 mm, 49.6000 mm): Reference field of C11
[padstack]: Padstack is questionable (PTH pad hole leaves no copper)
    Local override; warning
    @(213.1170 mm, 80.3900 mm): PTH pad [<no net>] of USB1
[padstack]: Padstack is questionable (PTH pad hole leaves no copper)
    Local override; warning
    @(213.1170 mm, 74.6100 mm): PTH pad [<no net>] of USB1
[padstack]: Padstack is questionable (PTH pad hole leaves no copper)
    Local override; warning
    @(60.5000 mm, 125.5000 mm): PTH pad [<no net>] of Card1
[padstack]: Padstack is questionable (PTH pad hole leaves no copper)
    Local override; warning
    @(69.0000 mm, 125.5000 mm): PTH pad [<no net>] of Card1
[silk_overlap]: Silkscreen clearance
    Rule: board setup constraints silk; warning
    @(185.4300 mm, 90.6700 mm): Reference field of D14
    @(184.5500 mm, 89.2300 mm): Segment of D13 on F.Silkscreen
[silk_overlap]: Silkscreen clearance
    Rule: board setup constraints silk; warning
    @(184.5500 mm, 93.2400 mm): Segment of D14 on F.Silkscreen
    @(185.4300 mm, 94.6800 mm): Reference field of D15
[silk_overlap]: Silkscreen clearance
    Rule: board setup constraints silk; warning
    @(174.5000 mm, 107.8300 mm): Reference field of R23
    @(174.5000 mm, 107.2000 mm): Segment of CN1 on F.Silkscreen
[silk_overlap]: Silkscreen clearance
    Rule: board setup constraints silk; warning
    @(174.5000 mm, 111.7000 mm): Segment of CN1 on F.Silkscreen
    @(174.5000 mm, 107.8300 mm): Reference field of R23
[silk_overlap]: Silkscreen clearance
    Rule: board setup constraints silk; warning
    @(174.3464 mm, 108.6200 mm): Segment of R23 on F.Silkscreen
    @(174.5000 mm, 111.7000 mm): Segment of CN1 on F.Silkscreen
[silk_overlap]: Silkscreen clearance
    Rule: board setup constraints silk; warning
    @(174.5000 mm, 111.7000 mm): Segment of CN1 on F.Silkscreen
    @(174.3464 mm, 109.3800 mm): Segment of R23 on F.Silkscreen
[silk_overlap]: Silkscreen clearance
    Rule: board setup constraints silk; warning
    @(207.0200 mm, 77.3000 mm): Reference field of D5
    @(208.0420 mm, 77.5000 mm): Reference field of USB1
[silk_overlap]: Silkscreen clearance
    Rule: board setup constraints silk; warning
    @(124.0000 mm, 118.0000 mm): Reference field of U9
    @(130.2200 mm, 118.5700 mm): Segment of U9 on F.Silkscreen
[silk_overlap]: Silkscreen clearance
    Rule: board setup constraints silk; warning
    @(166.2887 mm, 67.7350 mm): Segment of C20 on F.Silkscreen
    @(166.5500 mm, 68.3300 mm): Reference field of C21
[silk_overlap]: Silkscreen clearance
    Rule: board setup constraints silk; warning
    @(158.5000 mm, 72.8300 mm): Reference field of C9
    @(158.2387 mm, 72.2350 mm): Segment of C7 on F.Silkscreen
[silk_overlap]: Silkscreen clearance
    Rule: board setup constraints silk; warning
    @(170.7387 mm, 67.7350 mm): Segment of C23 on F.Silkscreen
    @(171.0000 mm, 68.3300 mm): Reference field of C28
[silk_over_copper]: Silkscreen clipped by solder mask
    Local override; warning
    @(185.4300 mm, 90.6700 mm): Reference field of D14
    @(187.6300 mm, 90.6600 mm): Pad 2 [Net-(D13-A)] of D13 on F.Cu
[silk_over_copper]: Silkscreen clipped by solder mask
    Local override; warning
    @(185.4300 mm, 90.6700 mm): Reference field of D14
    @(183.2300 mm, 90.6600 mm): Pad 1 [+12V] of D13 on F.Cu
[silk_over_copper]: Silkscreen clipped by solder mask
    Local override; warning
    @(185.4300 mm, 94.6800 mm): Reference field of D15
    @(187.6300 mm, 94.6700 mm): Pad 2 [Net-(D14-A)] of D14 on F.Cu
[silk_over_copper]: Silkscreen clipped by solder mask
    Local override; warning
    @(185.4300 mm, 94.6800 mm): Reference field of D15
    @(183.2300 mm, 94.6700 mm): Pad 1 [+12V] of D14 on F.Cu
[silk_over_copper]: Silkscreen clipped by solder mask
    Local override; warning
    @(179.0000 mm, 90.7230 mm): Reference field of U13
    @(179.0000 mm, 90.3500 mm): Pad 5 [Net-(U12-IN)] of U12 on F.Cu
[silk_over_copper]: Silkscreen clipped by solder mask
    Local override; warning
    @(179.0000 mm, 90.7230 mm): Reference field of U13
    @(179.9500 mm, 90.3500 mm): Pad 4 [/ALARM_LS] of U12 on F.Cu
[silk_over_copper]: Silkscreen clipped by solder mask
    Local override; warning
    @(179.0000 mm, 90.7230 mm): Reference field of U13
    @(178.0500 mm, 90.3500 mm): Pad 6 [unconnected-(U12-NC-Pad6)] of U12 on F.Cu
[silk_over_copper]: Silkscreen clipped by solder mask
    Local override; warning
    @(179.0000 mm, 97.8300 mm): Reference field of R29
    @(178.0500 mm, 97.0220 mm): Pad 1 [Net-(D15-A)] of U13 on F.Cu
[silk_over_copper]: Silkscreen clipped by solder mask
    Local override; warning
    @(179.0000 mm, 97.8300 mm): Reference field of R29
    @(179.0000 mm, 97.0220 mm): Pad 2 [GND] of U13 on F.Cu
[silk_over_copper]: Silkscreen clipped by solder mask
    Local override; warning
    @(179.0000 mm, 97.8300 mm): Reference field of R29
    @(179.9500 mm, 97.0220 mm): Pad 3 [Net-(U13-FB)] of U13 on F.Cu
[silk_over_copper]: Silkscreen clipped by solder mask
    Local override; warning
    @(208.0420 mm, 77.5000 mm): Reference field of USB1
    @(208.0000 mm, 79.0500 mm): Pad 4 [/VBUS] of D5 on F.Cu
[silk_over_copper]: Silkscreen clipped by solder mask
    Local override; warning
    @(211.7670 mm, 81.9500 mm): Circle of USB1 on F.Silkscreen
    @(212.5870 mm, 81.8200 mm): PTH pad 13 [GND] of USB1
[silk_over_copper]: Silkscreen clipped by solder mask
    Local override; warning
    @(215.8070 mm, 82.0000 mm): Segment of USB1 on F.Silkscreen
    @(216.7970 mm, 81.8200 mm): PTH pad 13 [GND] of USB1
[silk_over_copper]: Silkscreen clipped by solder mask
    Local override; warning
    @(215.8170 mm, 72.9300 mm): Segment of USB1 on F.Silkscreen
    @(216.7970 mm, 73.1800 mm): PTH pad 14 [GND] of USB1
[silk_over_copper]: Silkscreen clipped by solder mask
    Local override; warning
    @(219.2470 mm, 72.9300 mm): Segment of USB1 on F.Silkscreen
    @(216.7970 mm, 73.1800 mm): PTH pad 14 [GND] of USB1
[silk_over_copper]: Silkscreen clipped by solder mask
    Local override; warning
    @(219.3870 mm, 82.0000 mm): Segment of USB1 on F.Silkscreen
    @(216.7970 mm, 81.8200 mm): PTH pad 13 [GND] of USB1
[silk_over_copper]: Silkscreen clipped by solder mask
    Local override; warning
    @(69.0000 mm, 124.3500 mm): Segment of Card1 on F.Silkscreen
    @(69.0000 mm, 125.5000 mm): PTH pad [<no net>] of Card1
[silk_over_copper]: Silkscreen clipped by solder mask
    Local override; warning
    @(61.0000 mm, 125.7400 mm): Circle of Card1 on F.Silkscreen
    @(60.5000 mm, 125.5000 mm): PTH pad [<no net>] of Card1
[silk_over_copper]: Silkscreen clipped by solder mask
    Local override; warning
    @(148.2000 mm, 64.8100 mm): Reference field of Y1
    @(147.5000 mm, 65.3600 mm): Pad 1 [Net-(U1-XC2)] of Y1 on F.Cu
[silk_over_copper]: Silkscreen clipped by solder mask
    Local override; warning
    @(148.2000 mm, 64.8100 mm): Reference field of Y1
    @(147.5000 mm, 64.2600 mm): Pad 4 [<no net>] of Y1 on F.Cu
[silk_over_copper]: Silkscreen clipped by solder mask
    Local override; warning
    @(148.2000 mm, 64.8100 mm): Reference field of Y1
    @(148.9000 mm, 65.3600 mm): Pad 2 [Net-(U1-XC1)] of Y1 on F.Cu
[silk_over_copper]: Silkscreen clipped by solder mask
    Local override; warning
    @(148.2000 mm, 64.8100 mm): Reference field of Y1
    @(148.9000 mm, 64.2600 mm): Pad 3 [<no net>] of Y1 on F.Cu
[silk_over_copper]: Silkscreen clipped by solder mask
    Local override; warning
    @(64.2500 mm, 60.9000 mm): Circle of U7 on F.Silkscreen
    @(64.2500 mm, 62.0000 mm): Pad 1 [Net-(C_ANT2-Pad1)] of U7 on F.Cu
[silk_over_copper]: Silkscreen clipped by solder mask
    Local override; warning
    @(65.5000 mm, 109.4080 mm): Reference field of Card1
    @(67.0200 mm, 108.5800 mm): Pad 1 [+1V8] of C36 on F.Cu
[silk_over_copper]: Silkscreen clipped by solder mask
    Local override; warning
    @(166.5500 mm, 68.3300 mm): Reference field of C21
    @(165.6000 mm, 67.0000 mm): Pad 1 [/VSYS] of C20 on F.Cu
[silk_over_copper]: Silkscreen clipped by solder mask
    Local override; warning
    @(174.0000 mm, 104.7500 mm): Circle of L6 on F.Silkscreen
    @(173.9500 mm, 104.5000 mm): Pad 1 [/RF] of L6 on F.Cu
[silk_over_copper]: Silkscreen clipped by solder mask
    Local override; warning
    @(166.5500 mm, 68.3300 mm): Reference field of C21
    @(167.5000 mm, 67.0000 mm): Pad 2 [GND] of C20 on F.Cu
[silk_over_copper]: Silkscreen clipped by solder mask
    Local override; warning
    @(180.9150 mm, 65.5000 mm): Circle of L4 on F.Silkscreen
    @(180.3150 mm, 67.5000 mm): Pad 1 [+1V8] of L4 on F.Cu
[silk_over_copper]: Silkscreen clipped by solder mask
    Local override; warning
    @(186.0000 mm, 65.5000 mm): Circle of L5 on F.Silkscreen
    @(185.4000 mm, 67.5000 mm): Pad 1 [+3.3V] of L5 on F.Cu
[silk_over_copper]: Silkscreen clipped by solder mask
    Local override; warning
    @(171.0000 mm, 68.3300 mm): Reference field of C28
    @(170.0500 mm, 67.0000 mm): Pad 1 [GND] of C23 on F.Cu
[silk_over_copper]: Silkscreen clipped by solder mask
    Local override; warning
    @(171.0000 mm, 68.3300 mm): Reference field of C28
    @(171.9500 mm, 67.0000 mm): Pad 2 [+3.3V] of C23 on F.Cu
[silk_overlap]: Silkscreen clearance
    Rule: board setup constraints silk; warning
    @(146.1146 mm, 103.0500 mm): Segment of R9 on B.Silkscreen
    @(143.9375 mm, 103.6200 mm): Reference field of R10
[silk_overlap]: Silkscreen clearance
    Rule: board setup constraints silk; warning
    @(146.1146 mm, 98.1400 mm): Segment of R8 on B.Silkscreen
    @(143.9375 mm, 98.7100 mm): Reference field of R9
[silk_overlap]: Silkscreen clearance
    Rule: board setup constraints silk; warning
    @(143.9375 mm, 93.8000 mm): Reference field of R8
    @(146.1146 mm, 93.2300 mm): Segment of R7 on B.Silkscreen
[silk_over_copper]: Silkscreen clipped by solder mask
    Local override; warning
    @(138.7000 mm, 73.2500 mm): Reference field of D11
    @(139.7000 mm, 73.0000 mm): Pad 2 [Net-(D10-A)] of D10 on B.Cu
[silk_over_copper]: Silkscreen clipped by solder mask
    Local override; warning
    @(138.7000 mm, 73.2500 mm): Reference field of D11
    @(137.7000 mm, 73.0000 mm): Pad 1 [Net-(D10-K)] of D10 on B.Cu
[silk_over_copper]: Silkscreen clipped by solder mask
    Local override; warning
    @(147.9000 mm, 73.2500 mm): Reference field of D7
    @(148.9000 mm, 73.0000 mm): Pad 2 [Net-(D6-A)] of D6 on B.Cu
[silk_over_copper]: Silkscreen clipped by solder mask
    Local override; warning
    @(152.5000 mm, 73.2500 mm): Reference field of D4
    @(153.5000 mm, 73.0000 mm): Pad 2 [Net-(D1-A)] of D1 on B.Cu
[silk_over_copper]: Silkscreen clipped by solder mask
    Local override; warning
    @(152.5000 mm, 73.2500 mm): Reference field of D4
    @(151.5000 mm, 73.0000 mm): Pad 1 [Net-(D1-K)] of D1 on B.Cu
[silk_over_copper]: Silkscreen clipped by solder mask
    Local override; warning
    @(147.9000 mm, 73.2500 mm): Reference field of D7
    @(146.9000 mm, 73.0000 mm): Pad 1 [Net-(D6-K)] of D6 on B.Cu
[silk_over_copper]: Silkscreen clipped by solder mask
    Local override; warning
    @(143.3000 mm, 73.2500 mm): Reference field of D9
    @(144.3000 mm, 73.0000 mm): Pad 2 [Net-(D8-A)] of D8 on B.Cu
[silk_over_copper]: Silkscreen clipped by solder mask
    Local override; warning
    @(143.3000 mm, 73.2500 mm): Reference field of D9
    @(142.3000 mm, 73.0000 mm): Pad 1 [Net-(D8-K)] of D8 on B.Cu

** Found 314 unconnected pads **
[unconnected_items]: Missing connection between items
    Local override; error
    @(137.0200 mm, 60.2600 mm): Pad 1 [Net-(U1-XL2/P0.01)] of C34 on F.Cu
    @(123.4173 mm, 61.7177 mm): Pad F2 [Net-(U1-XL2/P0.01)] of U1 on F.Cu
[unconnected_items]: Missing connection between items
    Local override; error
    @(144.7000 mm, 64.7600 mm): Pad 1 [Net-(U1-XL2/P0.01)] of Y2 on F.Cu
    @(137.0200 mm, 60.2600 mm): Pad 1 [Net-(U1-XL2/P0.01)] of C34 on F.Cu
[unconnected_items]: Missing connection between items
    Local override; error
    @(141.5200 mm, 72.2600 mm): Pad 1 [Net-(U1-XL1/P0.00)] of C4 on F.Cu
    @(142.2000 mm, 64.7600 mm): Pad 2 [Net-(U1-XL1/P0.00)] of Y2 on F.Cu
[unconnected_items]: Missing connection between items
    Local override; error
    @(142.2000 mm, 64.7600 mm): Pad 2 [Net-(U1-XL1/P0.00)] of Y2 on F.Cu
    @(123.4173 mm, 61.2177 mm): Pad D2 [Net-(U1-XL1/P0.00)] of U1 on F.Cu
[unconnected_items]: Missing connection between items
    Local override; error
    @(125.9173 mm, 59.9677 mm): Pad A12 [/PIEZO_FB] of U1 on F.Cu
    @(153.0000 mm, 97.0000 mm): Pad 2 [/PIEZO_FB] of R14 on F.Cu
[unconnected_items]: Missing connection between items
    Local override; error
    @(153.0000 mm, 97.0000 mm): Pad 2 [/PIEZO_FB] of R14 on F.Cu
    @(156.4800 mm, 97.0000 mm): Pad 1 [/PIEZO_FB] of R13 on F.Cu
[unconnected_items]: Missing connection between items
    Local override; error
    @(127.4173 mm, 59.9677 mm): Pad A18 [Net-(U1-DEC2)] of U1 on F.Cu
    @(109.4800 mm, 57.7600 mm): Pad 2 [Net-(U1-DEC2)] of C33 on F.Cu
[unconnected_items]: Missing connection between items
    Local override; error
    @(129.4173 mm, 61.4677 mm): Pad E24 [Net-(U1-DEC2)] of U1 on F.Cu
    @(127.4173 mm, 59.9677 mm): Pad A18 [Net-(U1-DEC2)] of U1 on F.Cu
[unconnected_items]: Missing connection between items
    Local override; error
    @(121.0072 mm, 76.9899 mm): Pad 1 [Net-(U1-P1.10)] of R5 on B.Cu
    @(127.9173 mm, 59.9677 mm): Pad A20 [Net-(U1-P1.10)] of U1 on F.Cu
[unconnected_items]: Missing connection between items
    Local override; error
    @(67.0200 mm, 108.5800 mm): Pad 1 [+1V8] of C36 on F.Cu
    @(60.5100 mm, 110.0800 mm): Pad 2 [+1V8] of R31 on F.Cu
[unconnected_items]: Missing connection between items
    Local override; error
    @(67.0200 mm, 108.5800 mm): Pad 1 [+1V8] of C36 on F.Cu
    @(106.5200 mm, 70.8100 mm): Pad 1 [+1V8] of C3 on F.Cu
[unconnected_items]: Missing connection between items
    Local override; error
    @(106.5200 mm, 70.8100 mm): Pad 1 [+1V8] of C3 on F.Cu
    @(107.9900 mm, 67.2600 mm): Pad 1 [+1V8] of R27 on F.Cu
[unconnected_items]: Missing connection between items
    Local override; error
    @(107.9900 mm, 67.2600 mm): Pad 1 [+1V8] of R27 on F.Cu
    @(111.4900 mm, 67.2600 mm): Pad 1 [+1V8] of R26 on F.Cu
[unconnected_items]: Missing connection between items
    Local override; error
    @(111.4900 mm, 67.2600 mm): Pad 1 [+1V8] of R26 on F.Cu
    @(112.5000 mm, 63.7600 mm): Pad 3 [+1V8] of U4 on F.Cu
[unconnected_items]: Missing connection between items
    Local override; error
    @(112.5000 mm, 63.7600 mm): Pad 3 [+1V8] of U4 on F.Cu
    @(113.0000 mm, 62.0000 mm): Pad 7 [+1V8] of U4 on F.Cu
[unconnected_items]: Missing connection between items
    Local override; error
    @(113.0000 mm, 62.0000 mm): Pad 7 [+1V8] of U4 on F.Cu
    @(111.5000 mm, 62.0000 mm): Pad 10 [+1V8] of U4 on F.Cu
[unconnected_items]: Missing connection between items
    Local override; error
    @(113.0000 mm, 62.0000 mm): Pad 7 [+1V8] of U4 on F.Cu
    @(122.9173 mm, 60.4677 mm): Pad B1 [+1V8] of U1 on F.Cu
[unconnected_items]: Missing connection between items
    Local override; error
    @(122.5639 mm, 112.1791 mm): Pad 29 [+1V8] of U2 on F.Cu
    @(135.9800 mm, 106.5000 mm): Pad 2 [+1V8] of C32 on F.Cu
[unconnected_items]: Missing connection between items
    Local override; error
    @(122.9173 mm, 60.4677 mm): Pad B1 [+1V8] of U1 on F.Cu
    @(122.9173 mm, 64.9677 mm): Pad W1 [+1V8] of U1 on F.Cu
[unconnected_items]: Missing connection between items
    Local override; error
    @(122.9173 mm, 64.9677 mm): Pad W1 [+1V8] of U1 on F.Cu
    @(123.4173 mm, 65.2177 mm): Pad Y2 [+1V8] of U1 on F.Cu
[unconnected_items]: Missing connection between items
    Local override; error
    @(123.4173 mm, 65.2177 mm): Pad Y2 [+1V8] of U1 on F.Cu
    @(126.4173 mm, 66.4677 mm): Pad AD14 [+1V8] of U1 on F.Cu
[unconnected_items]: Missing connection between items
    Local override; error
    @(124.1000 mm, 74.2000 mm): Pad 4 [+1V8] of LED2 on B.Cu
    @(126.4173 mm, 66.4677 mm): Pad AD14 [+1V8] of U1 on F.Cu
[unconnected_items]: Missing connection between items
    Local override; error
    @(126.4173 mm, 66.4677 mm): Pad AD14 [+1V8] of U1 on F.Cu
    @(128.9173 mm, 66.4677 mm): Pad AD23 [+1V8] of U1 on F.Cu
[unconnected_items]: Missing connection between items
    Local override; error
    @(128.4173 mm, 59.9677 mm): Pad A22 [+1V8] of U1 on F.Cu
    @(122.9173 mm, 60.4677 mm): Pad B1 [+1V8] of U1 on F.Cu
[unconnected_items]: Missing connection between items
    Local override; error
    @(135.9800 mm, 106.5000 mm): Pad 2 [+1V8] of C32 on F.Cu
    @(161.5200 mm, 92.0000 mm): Pad 1 [+1V8] of C6 on F.Cu
[unconnected_items]: Missing connection between items
    Local override; error
    @(149.9800 mm, 56.2600 mm): Pad 2 [+1V8] of C2 on F.Cu
    @(128.4173 mm, 59.9677 mm): Pad A22 [+1V8] of U1 on F.Cu
[unconnected_items]: Missing connection between items
    Local override; error
    @(159.4500 mm, 71.5000 mm): Pad 2 [+1V8] of C7 on F.Cu
    @(149.9800 mm, 56.2600 mm): Pad 2 [+1V8] of C2 on F.Cu
[unconnected_items]: Missing connection between items
    Local override; error
    @(160.0100 mm, 79.0000 mm): Pad 2 [+1V8] of R17 on F.Cu
    @(166.7100 mm, 78.0000 mm): Pad 2 [+1V8] of R16 on F.Cu
[unconnected_items]: Missing connection between items
    Local override; error
    @(160.0100 mm, 79.0000 mm): Pad 2 [+1V8] of R17 on F.Cu
    @(159.4500 mm, 71.5000 mm): Pad 2 [+1V8] of C7 on F.Cu
[unconnected_items]: Missing connection between items
    Local override; error
    @(161.5200 mm, 92.0000 mm): Pad 1 [+1V8] of C6 on F.Cu
    @(160.0100 mm, 79.0000 mm): Pad 2 [+1V8] of R17 on F.Cu
[unconnected_items]: Missing connection between items
    Local override; error
    @(166.7100 mm, 78.0000 mm): Pad 2 [+1V8] of R16 on F.Cu
    @(176.0000 mm, 77.3800 mm): Pad E4 [+1V8] of U3 on F.Cu
[unconnected_items]: Missing connection between items
    Local override; error
    @(176.0000 mm, 77.3800 mm): Pad E4 [+1V8] of U3 on F.Cu
    @(176.8400 mm, 76.0600 mm): Pad B6 [+1V8] of U3 on F.Cu
[unconnected_items]: Missing connection between items
    Local override; error
    @(176.8400 mm, 76.0600 mm): Pad B6 [+1V8] of U3 on F.Cu
    @(180.3150 mm, 67.5000 mm): Pad 1 [+1V8] of L4 on F.Cu
[unconnected_items]: Missing connection between items
    Local override; error
    @(143.9800 mm, 60.2600 mm): Pad 2 [Net-(U1-XC2)] of C35 on F.Cu
    @(128.9173 mm, 59.9677 mm): Pad A23 [Net-(U1-XC2)] of U1 on F.Cu
[unconnected_items]: Missing connection between items
    Local override; error
    @(147.5000 mm, 65.3600 mm): Pad 1 [Net-(U1-XC2)] of Y1 on F.Cu
    @(143.9800 mm, 60.2600 mm): Pad 2 [Net-(U1-XC2)] of C35 on F.Cu
[unconnected_items]: Missing connection between items
    Local override; error
    @(104.7300 mm, 119.5500 mm): Pad 4 [/SWDCLK_52840] of U14 on F.Cu
    @(129.4173 mm, 65.4677 mm): Pad AA24 [/SWDCLK_52840] of U1 on F.Cu
[unconnected_items]: Missing connection between items
    Local override; error
    @(124.1673 mm, 65.9677 mm): Pad AC5 [Net-(U1-DECUSB)] of U1 on F.Cu
    @(133.4800 mm, 56.2600 mm): Pad 2 [Net-(U1-DECUSB)] of C15 on F.Cu
[unconnected_items]: Missing connection between items
    Local override; error
    @(120.0639 mm, 101.9391 mm): Pad 77 [/UART_RX] of U2 on F.Cu
    @(120.2500 mm, 122.0000 mm): PTH pad 4 [/UART_RX] of U9
[unconnected_items]: Missing connection between items
    Local override; error
    @(125.1673 mm, 65.9677 mm): Pad AC9 [/UART_RX] of U1 on F.Cu
    @(120.0639 mm, 101.9391 mm): Pad 77 [/UART_RX] of U2 on F.Cu
[unconnected_items]: Missing connection between items
    Local override; error
    @(125.6673 mm, 65.9677 mm): Pad AC11 [/NPM_SCL] of U1 on F.Cu
    @(165.6900 mm, 78.0000 mm): Pad 1 [/NPM_SCL] of R16 on F.Cu
[unconnected_items]: Missing connection between items
    Local override; error
    @(165.6900 mm, 78.0000 mm): Pad 1 [/NPM_SCL] of R16 on F.Cu
    @(175.5800 mm, 77.3800 mm): Pad E3 [/NPM_SCL] of U3 on F.Cu
[unconnected_items]: Missing connection between items
    Local override; error
    @(108.5400 mm, 119.5500 mm): Pad 10 [/nRST_52840] of U14 on F.Cu
    @(126.1673 mm, 65.9677 mm): Pad AC13 [/nRST_52840] of U1 on F.Cu
[unconnected_items]: Missing connection between items
    Local override; error
    @(112.0000 mm, 63.7600 mm): Pad 2 [/ACC_SDA] of U4 on F.Cu
    @(112.5100 mm, 67.2600 mm): Pad 2 [/ACC_SDA] of R26 on F.Cu
[unconnected_items]: Missing connection between items
    Local override; error
    @(112.5100 mm, 67.2600 mm): Pad 2 [/ACC_SDA] of R26 on F.Cu
    @(126.6673 mm, 65.9677 mm): Pad AC15 [/ACC_SDA] of U1 on F.Cu
[unconnected_items]: Missing connection between items
    Local override; error
    @(113.1300 mm, 63.1300 mm): Pad 5 [/ACC_INT1] of U4 on F.Cu
    @(127.1673 mm, 65.9677 mm): Pad AC17 [/ACC_INT1] of U1 on F.Cu
[unconnected_items]: Missing connection between items
    Local override; error
    @(127.6673 mm, 65.9677 mm): Pad AC19 [/Strobe_In] of U1 on F.Cu
    @(133.7985 mm, 90.6112 mm): Pad 1 [/Strobe_In] of R11 on B.Cu
[unconnected_items]: Missing connection between items
    Local override; error
    @(128.1673 mm, 65.9677 mm): Pad AC21 [/SIREN_PWM_INVERTED] of U1 on F.Cu
    @(160.1250 mm, 97.3650 mm): Pad 2 [/SIREN_PWM_INVERTED] of U5 on F.Cu
[unconnected_items]: Missing connection between items
    Local override; error
    @(103.4600 mm, 119.5500 mm): Pad 2 [/SWDIO_52840] of U14 on F.Cu
    @(129.4173 mm, 65.9677 mm): Pad AC24 [/SWDIO_52840] of U1 on F.Cu
[unconnected_items]: Missing connection between items
    Local override; error
    @(123.4173 mm, 66.4677 mm): Pad AD2 [/VBOUSOUT] of U1 on F.Cu
    @(175.5800 mm, 76.5000 mm): Pad C3 [/VBOUSOUT] of U3 on F.Cu
[unconnected_items]: Missing connection between items
    Local override; error
    @(175.5800 mm, 76.5000 mm): Pad C3 [/VBOUSOUT] of U3 on F.Cu
    @(181.0200 mm, 77.0000 mm): Pad 1 [/VBOUSOUT] of C24 on F.Cu
[unconnected_items]: Missing connection between items
    Local override; error
    @(123.9173 mm, 66.4677 mm): Pad AD4 [/USB_D-] of U1 on F.Cu
    @(208.0000 mm, 80.9500 mm): Pad 3 [/USB_D-] of D5 on F.Cu
[unconnected_items]: Missing connection between items
    Local override; error
    @(208.0000 mm, 80.9500 mm): Pad 3 [/USB_D-] of D5 on F.Cu
    @(212.0370 mm, 78.2500 mm): Pad B7 [/USB_D-] of USB1 on F.Cu
[unconnected_items]: Missing connection between items
    Local override; error
    @(212.0370 mm, 78.2500 mm): Pad B7 [/USB_D-] of USB1 on F.Cu
    @(212.0370 mm, 77.2500 mm): Pad A7 [/USB_D-] of USB1 on F.Cu
[unconnected_items]: Missing connection between items
    Local override; error
    @(124.4173 mm, 66.4677 mm): Pad AD6 [/USB_D+] of U1 on F.Cu
    @(206.0000 mm, 80.9500 mm): Pad 2 [/USB_D+] of D5 on F.Cu
[unconnected_items]: Missing connection between items
    Local override; error
    @(206.0000 mm, 80.9500 mm): Pad 2 [/USB_D+] of D5 on F.Cu
    @(212.0370 mm, 77.7500 mm): Pad A6 [/USB_D+] of USB1 on F.Cu
[unconnected_items]: Missing connection between items
    Local override; error
    @(212.0370 mm, 77.7500 mm): Pad A6 [/USB_D+] of USB1 on F.Cu
    @(212.0370 mm, 76.7500 mm): Pad B6 [/USB_D+] of USB1 on F.Cu
[unconnected_items]: Missing connection between items
    Local override; error
    @(119.5639 mm, 101.9391 mm): Pad 78 [/UART_TX] of U2 on F.Cu
    @(122.7500 mm, 122.0000 mm): PTH pad 3 [/UART_TX] of U9
[unconnected_items]: Missing connection between items
    Local override; error
    @(124.9173 mm, 66.4677 mm): Pad AD8 [/UART_TX] of U1 on F.Cu
    @(119.5639 mm, 101.9391 mm): Pad 78 [/UART_TX] of U2 on F.Cu
[unconnected_items]: Missing connection between items
    Local override; error
    @(125.4173 mm, 66.4677 mm): Pad AD10 [/NPM_SDA] of U1 on F.Cu
    @(158.9900 mm, 79.0000 mm): Pad 1 [/NPM_SDA] of R17 on F.Cu
[unconnected_items]: Missing connection between items
    Local override; error
    @(158.9900 mm, 79.0000 mm): Pad 1 [/NPM_SDA] of R17 on F.Cu
    @(176.4200 mm, 77.3800 mm): Pad E5 [/NPM_SDA] of U3 on F.Cu
[unconnected_items]: Missing connection between items
    Local override; error
    @(125.9173 mm, 66.4677 mm): Pad AD12 [/NPM_INT] of U1 on F.Cu
    @(176.8400 mm, 77.3800 mm): Pad E6 [/NPM_INT] of U3 on F.Cu
[unconnected_items]: Missing connection between items
    Local override; error
    @(111.3700 mm, 63.1300 mm): Pad 12 [/ACC_SCL] of U4 on F.Cu
    @(109.0100 mm, 67.2600 mm): Pad 2 [/ACC_SCL] of R27 on F.Cu
[unconnected_items]: Missing connection between items
    Local override; error
    @(126.9173 mm, 66.4677 mm): Pad AD16 [/ACC_SCL] of U1 on F.Cu
    @(111.3700 mm, 63.1300 mm): Pad 12 [/ACC_SCL] of U4 on F.Cu
[unconnected_items]: Missing connection between items
    Local override; error
    @(113.1300 mm, 62.6300 mm): Pad 6 [/ACC_INT2] of U4 on F.Cu
    @(127.4173 mm, 66.4677 mm): Pad AD18 [/ACC_INT2] of U1 on F.Cu
[unconnected_items]: Missing connection between items
    Local override; error
    @(127.9173 mm, 66.4677 mm): Pad AD20 [/SIREN_PWM] of U1 on F.Cu
    @(160.1250 mm, 98.6350 mm): Pad 3 [/SIREN_PWM] of U5 on F.Cu
[unconnected_items]: Missing connection between items
    Local override; error
    @(106.0000 mm, 119.5500 mm): Pad 6 [/SWO_52840] of U14 on F.Cu
    @(128.4173 mm, 66.4677 mm): Pad AD22 [/SWO_52840] of U1 on F.Cu
[unconnected_items]: Missing connection between items
    Local override; error
    @(57.7500 mm, 62.0000 mm): Pad 2 [GND] of U7 on F.Cu
    @(60.5200 mm, 75.0000 mm): Pad 1 [GND] of C25 on F.Cu
[unconnected_items]: Missing connection between items
    Local override; error
    @(59.0000 mm, 114.7500 mm): Pad 8 [GND] of Card1 on F.Cu
    @(59.0000 mm, 126.7500 mm): Pad 11 [GND] of Card1 on F.Cu
[unconnected_items]: Missing connection between items
    Local override; error
    @(60.5200 mm, 75.0000 mm): Pad 1 [GND] of C25 on F.Cu
    @(67.5200 mm, 78.0000 mm): Pad 1 [GND] of C26 on F.Cu
[unconnected_items]: Missing connection between items
    Local override; error
    @(64.4800 mm, 107.5800 mm): Pad 2 [GND] of C37 on F.Cu
    @(67.9800 mm, 108.5800 mm): Pad 2 [GND] of C36 on F.Cu
[unconnected_items]: Missing connection between items
    Local override; error
    @(67.0200 mm, 113.4100 mm): Pad C5 [GND] of Card1 on F.Cu
    @(67.9800 mm, 108.5800 mm): Pad 2 [GND] of C36 on F.Cu
[unconnected_items]: Missing connection between items
    Local override; error
    @(67.0200 mm, 113.4100 mm): Pad C5 [GND] of Card1 on F.Cu
    @(59.0000 mm, 114.7500 mm): Pad 8 [GND] of Card1 on F.Cu
[unconnected_items]: Missing connection between items
    Local override; error
    @(67.5200 mm, 78.0000 mm): Pad 1 [GND] of C26 on F.Cu
    @(70.5500 mm, 72.5000 mm): Pad 1 [GND] of TP2 on F.Cu
[unconnected_items]: Missing connection between items
    Local override; error
    @(67.5200 mm, 78.0000 mm): Pad 1 [GND] of C26 on F.Cu
    @(63.2500 mm, 83.0000 mm): Pad 2 [GND] of C_ANT2 on F.Cu
[unconnected_items]: Missing connection between items
    Local override; error
    @(67.9800 mm, 108.5800 mm): Pad 2 [GND] of C36 on F.Cu
    @(80.5000 mm, 88.5500 mm): Pad 2 [GND] of Q2 on F.Cu
[unconnected_items]: Missing connection between items
    Local override; error
    @(70.2500 mm, 82.5000 mm): Pad 2 [GND] of C_ANT1 on F.Cu
    @(67.5200 mm, 78.0000 mm): Pad 1 [GND] of C26 on F.Cu
[unconnected_items]: Missing connection between items
    Local override; error
    @(70.2500 mm, 82.5000 mm): Pad 2 [GND] of C_ANT1 on F.Cu
    @(80.5000 mm, 88.5500 mm): Pad 2 [GND] of Q2 on F.Cu
[unconnected_items]: Missing connection between items
    Local override; error
    @(70.5500 mm, 72.5000 mm): Pad 1 [GND] of TP2 on F.Cu
    @(73.6000 mm, 72.5000 mm): Pad 1 [GND] of TP3 on F.Cu
[unconnected_items]: Missing connection between items
    Local override; error
    @(72.0000 mm, 114.7500 mm): Pad 9 [GND] of Card1 on F.Cu
    @(67.0200 mm, 113.4100 mm): Pad C5 [GND] of Card1 on F.Cu
[unconnected_items]: Missing connection between items
    Local override; error
    @(72.0000 mm, 114.7500 mm): Pad 9 [GND] of Card1 on F.Cu
    @(72.0000 mm, 126.7500 mm): Pad 10 [GND] of Card1 on F.Cu
[unconnected_items]: Missing connection between items
    Local override; error
    @(72.9300 mm, 62.9400 mm): Pad 2 [GND] of U6 on F.Cu
    @(72.9300 mm, 60.0000 mm): Pad 3 [GND] of U6 on F.Cu
[unconnected_items]: Missing connection between items
    Local override; error
    @(72.9300 mm, 62.9400 mm): Pad 2 [GND] of U6 on F.Cu
    @(77.5000 mm, 62.9400 mm): Pad 2 [GND] of U10 on F.Cu
[unconnected_items]: Missing connection between items
    Local override; error
    @(72.9300 mm, 62.9400 mm): Pad 2 [GND] of U6 on F.Cu
    @(73.6000 mm, 72.5000 mm): Pad 1 [GND] of TP3 on F.Cu
[unconnected_items]: Missing connection between items
    Local override; error
    @(77.5000 mm, 62.9400 mm): Pad 2 [GND] of U10 on F.Cu
    @(77.5000 mm, 60.0000 mm): Pad 3 [GND] of U10 on F.Cu
[unconnected_items]: Missing connection between items
    Local override; error
    @(106.0000 mm, 123.4500 mm): Pad 5 [GND] of U14 on F.Cu
    @(104.7300 mm, 123.4500 mm): Pad 3 [GND] of U14 on F.Cu
[unconnected_items]: Missing connection between items
    Local override; error
    @(107.4800 mm, 70.8100 mm): Pad 2 [GND] of C3 on F.Cu
    @(112.5200 mm, 75.7600 mm): Pad 1 [GND] of C8 on F.Cu
[unconnected_items]: Missing connection between items
    Local override; error
    @(107.4800 mm, 70.8100 mm): Pad 2 [GND] of C3 on F.Cu
    @(111.5000 mm, 63.7600 mm): Pad 1 [GND] of U4 on F.Cu
[unconnected_items]: Missing connection between items
    Local override; error
    @(107.4800 mm, 70.8100 mm): Pad 2 [GND] of C3 on F.Cu
    @(77.5000 mm, 62.9400 mm): Pad 2 [GND] of U10 on F.Cu
[unconnected_items]: Missing connection between items
    Local override; error
    @(108.5200 mm, 57.7600 mm): Pad 1 [GND] of C33 on F.Cu
    @(112.0000 mm, 62.0000 mm): Pad 9 [GND] of U4 on F.Cu
[unconnected_items]: Missing connection between items
    Local override; error
    @(108.5400 mm, 123.4500 mm): Pad 9 [GND] of U14 on F.Cu
    @(106.0000 mm, 123.4500 mm): Pad 5 [GND] of U14 on F.Cu
[unconnected_items]: Missing connection between items
    Local override; error
    @(108.5400 mm, 123.4500 mm): Pad 9 [GND] of U14 on F.Cu
    @(117.8139 mm, 112.0591 mm): Pad 20 [GND] of U2 on F.Cu
[unconnected_items]: Missing connection between items
    Local override; error
    @(109.0000 mm, 50.5600 mm): Pad 1 [GND] of U8 on F.Cu
    @(108.5200 mm, 57.7600 mm): Pad 1 [GND] of C33 on F.Cu
[unconnected_items]: Missing connection between items
    Local override; error
    @(112.0000 mm, 62.0000 mm): Pad 9 [GND] of U4 on F.Cu
    @(112.5000 mm, 62.0000 mm): Pad 8 [GND] of U4 on F.Cu
[unconnected_items]: Missing connection between items
    Local override; error
    @(112.0000 mm, 62.0000 mm): Pad 9 [GND] of U4 on F.Cu
    @(111.5000 mm, 63.7600 mm): Pad 1 [GND] of U4 on F.Cu
[unconnected_items]: Missing connection between items
    Local override; error
    @(112.5000 mm, 62.0000 mm): Pad 8 [GND] of U4 on F.Cu
    @(123.6673 mm, 60.4677 mm): Pad B3 [GND] of U1 on F.Cu
[unconnected_items]: Missing connection between items
    Local override; error
    @(117.6839 mm, 105.3091 mm): Pad 7 [GND] of U2 on F.Cu
    @(120.4639 mm, 104.2091 mm): Pad 105 [GND] of U2 on F.Cu
[unconnected_items]: Missing connection between items
    Local override; error
    @(117.6839 mm, 109.3091 mm): Pad 15 [GND] of U2 on F.Cu
    @(117.6839 mm, 108.3091 mm): Pad 13 [GND] of U2 on F.Cu
[unconnected_items]: Missing connection between items
    Local override; error
    @(117.8139 mm, 112.0591 mm): Pad 20 [GND] of U2 on F.Cu
    @(120.5639 mm, 112.1791 mm): Pad 25 [GND] of U2 on F.Cu
[unconnected_items]: Missing connection between items
    Local override; error
    @(117.8139 mm, 112.0591 mm): Pad 20 [GND] of U2 on F.Cu
    @(117.6839 mm, 109.3091 mm): Pad 15 [GND] of U2 on F.Cu
[unconnected_items]: Missing connection between items
    Local override; error
    @(120.4639 mm, 104.2091 mm): Pad 105 [GND] of U2 on F.Cu
    @(120.5639 mm, 101.9391 mm): Pad 76 [GND] of U2 on F.Cu
[unconnected_items]: Missing connection between items
    Local override; error
    @(120.4639 mm, 107.0591 mm): Pad 106 [GND] of U2 on F.Cu
    @(120.4639 mm, 104.2091 mm): Pad 105 [GND] of U2 on F.Cu
[unconnected_items]: Missing connection between items
    Local override; error
    @(120.5639 mm, 101.9391 mm): Pad 76 [GND] of U2 on F.Cu
    @(117.8139 mm, 102.0591 mm): Pad 1 [GND] of U2 on F.Cu
[unconnected_items]: Missing connection between items
    Local override; error
    @(120.5639 mm, 112.1791 mm): Pad 25 [GND] of U2 on F.Cu
    @(120.4639 mm, 109.9091 mm): Pad 107 [GND] of U2 on F.Cu
[unconnected_items]: Missing connection between items
    Local override; error
    @(120.5639 mm, 112.1791 mm): Pad 25 [GND] of U2 on F.Cu
    @(123.0639 mm, 112.1791 mm): Pad 30 [GND] of U2 on F.Cu
[unconnected_items]: Missing connection between items
    Local override; error
    @(121.0200 mm, 54.2600 mm): Pad 1 [GND] of C12 on F.Cu
    @(121.9800 mm, 54.2600 mm): Pad 2 [GND] of C12 on F.Cu
[unconnected_items]: Missing connection between items
    Local override; error
    @(121.9800 mm, 54.2600 mm): Pad 2 [GND] of C12 on F.Cu
    @(126.0200 mm, 54.2600 mm): Pad 1 [GND] of C13 on F.Cu
[unconnected_items]: Missing connection between items
    Local override; error
    @(123.0639 mm, 101.9391 mm): Pad 71 [GND] of U2 on F.Cu
    @(120.5639 mm, 101.9391 mm): Pad 76 [GND] of U2 on F.Cu
[unconnected_items]: Missing connection between items
    Local override; error
    @(123.0639 mm, 112.1791 mm): Pad 30 [GND] of U2 on F.Cu
    @(123.3139 mm, 110.6391 mm): Pad 108 [GND] of U2 on F.Cu
[unconnected_items]: Missing connection between items
    Local override; error
    @(123.3139 mm, 103.4791 mm): Pad 112 [GND] of U2 on F.Cu
    @(123.0639 mm, 101.9391 mm): Pad 71 [GND] of U2 on F.Cu
[unconnected_items]: Missing connection between items
    Local override; error
    @(123.3139 mm, 107.0591 mm): Pad 113 [GND] of U2 on F.Cu
    @(126.1639 mm, 107.0591 mm): Pad 110 [GND] of U2 on F.Cu
[unconnected_items]: Missing connection between items
    Local override; error
    @(124.1673 mm, 60.4677 mm): Pad B5 [GND] of U1 on F.Cu
    @(123.6673 mm, 60.4677 mm): Pad B3 [GND] of U1 on F.Cu
[unconnected_items]: Missing connection between items
    Local override; error
    @(124.6673 mm, 60.4677 mm): Pad B7 [GND] of U1 on F.Cu
    @(124.1673 mm, 60.4677 mm): Pad B5 [GND] of U1 on F.Cu
[unconnected_items]: Missing connection between items
    Local override; error
    @(124.6673 mm, 60.4677 mm): Pad B7 [GND] of U1 on F.Cu
    @(126.1673 mm, 63.2177 mm): Pad EP [GND] of U1 on F.Cu
[unconnected_items]: Missing connection between items
    Local override; error
    @(124.6673 mm, 60.4677 mm): Pad B7 [GND] of U1 on F.Cu
    @(126.0200 mm, 54.2600 mm): Pad 1 [GND] of C13 on F.Cu
[unconnected_items]: Missing connection between items
    Local override; error
    @(125.0639 mm, 112.1791 mm): Pad 34 [GND] of U2 on F.Cu
    @(123.0639 mm, 112.1791 mm): Pad 30 [GND] of U2 on F.Cu
[unconnected_items]: Missing connection between items
    Local override; error
    @(125.5639 mm, 101.9391 mm): Pad 66 [GND] of U2 on F.Cu
    @(126.1639 mm, 104.2091 mm): Pad 111 [GND] of U2 on F.Cu
[unconnected_items]: Missing connection between items
    Local override; error
    @(125.5639 mm, 101.9391 mm): Pad 66 [GND] of U2 on F.Cu
    @(123.0639 mm, 101.9391 mm): Pad 71 [GND] of U2 on F.Cu
[unconnected_items]: Missing connection between items
    Local override; error
    @(126.0639 mm, 112.1791 mm): Pad 36 [GND] of U2 on F.Cu
    @(127.0639 mm, 112.1791 mm): Pad 38 [GND] of U2 on F.Cu
[unconnected_items]: Missing connection between items
    Local override; error
    @(126.0639 mm, 112.1791 mm): Pad 36 [GND] of U2 on F.Cu
    @(125.0639 mm, 112.1791 mm): Pad 34 [GND] of U2 on F.Cu
[unconnected_items]: Missing connection between items
    Local override; error
    @(126.1639 mm, 104.2091 mm): Pad 111 [GND] of U2 on F.Cu
    @(128.9439 mm, 104.8091 mm): Pad 55 [GND] of U2 on F.Cu
[unconnected_items]: Missing connection between items
    Local override; error
    @(126.1639 mm, 109.9091 mm): Pad 109 [GND] of U2 on F.Cu
    @(126.0639 mm, 112.1791 mm): Pad 36 [GND] of U2 on F.Cu
[unconnected_items]: Missing connection between items
    Local override; error
    @(126.1673 mm, 63.2177 mm): Pad EP [GND] of U1 on F.Cu
    @(128.9173 mm, 61.7177 mm): Pad F23 [GND] of U1 on F.Cu
[unconnected_items]: Missing connection between items
    Local override; error
    @(127.0639 mm, 112.1791 mm): Pad 38 [GND] of U2 on F.Cu
    @(127.5639 mm, 112.1791 mm): Pad 39 [GND] of U2 on F.Cu
[unconnected_items]: Missing connection between items
    Local override; error
    @(127.7500 mm, 122.0000 mm): PTH pad 1 [GND] of U9
    @(127.5639 mm, 112.1791 mm): Pad 39 [GND] of U2 on F.Cu
[unconnected_items]: Missing connection between items
    Local override; error
    @(127.7500 mm, 122.0000 mm): PTH pad 1 [GND] of U9
    @(138.7300 mm, 122.9500 mm): Pad 3 [GND] of U11 on F.Cu
[unconnected_items]: Missing connection between items
    Local override; error
    @(128.0639 mm, 112.1791 mm): Pad 40 [GND] of U2 on F.Cu
    @(127.5639 mm, 112.1791 mm): Pad 39 [GND] of U2 on F.Cu
[unconnected_items]: Missing connection between items
    Local override; error
    @(128.8139 mm, 102.0591 mm): Pad 60 [GND] of U2 on F.Cu
    @(128.9439 mm, 104.8091 mm): Pad 55 [GND] of U2 on F.Cu
[unconnected_items]: Missing connection between items
    Local override; error
    @(128.8139 mm, 112.0591 mm): Pad 41 [GND] of U2 on F.Cu
    @(128.0639 mm, 112.1791 mm): Pad 40 [GND] of U2 on F.Cu
[unconnected_items]: Missing connection between items
    Local override; error
    @(128.8139 mm, 112.0591 mm): Pad 41 [GND] of U2 on F.Cu
    @(128.9439 mm, 110.8091 mm): Pad 43 [GND] of U2 on F.Cu
[unconnected_items]: Missing connection between items
    Local override; error
    @(128.9439 mm, 106.8091 mm): Pad 51 [GND] of U2 on F.Cu
    @(128.9439 mm, 104.8091 mm): Pad 55 [GND] of U2 on F.Cu
[unconnected_items]: Missing connection between items
    Local override; error
    @(128.9439 mm, 106.8091 mm): Pad 51 [GND] of U2 on F.Cu
    @(126.1639 mm, 107.0591 mm): Pad 110 [GND] of U2 on F.Cu
[unconnected_items]: Missing connection between items
    Local override; error
    @(128.9439 mm, 106.8091 mm): Pad 51 [GND] of U2 on F.Cu
    @(135.0200 mm, 106.5000 mm): Pad 1 [GND] of C32 on F.Cu
[unconnected_items]: Missing connection between items
    Local override; error
    @(128.9439 mm, 109.3091 mm): Pad 46 [GND] of U2 on F.Cu
    @(128.9439 mm, 106.8091 mm): Pad 51 [GND] of U2 on F.Cu
[unconnected_items]: Missing connection between items
    Local override; error
    @(128.9439 mm, 110.8091 mm): Pad 43 [GND] of U2 on F.Cu
    @(128.9439 mm, 109.3091 mm): Pad 46 [GND] of U2 on F.Cu
[unconnected_items]: Missing connection between items
    Local override; error
    @(131.1765 mm, 85.4952 mm): Pad 2 [GND] of R12 on B.Cu
    @(128.8139 mm, 102.0591 mm): Pad 60 [GND] of U2 on F.Cu
[unconnected_items]: Missing connection between items
    Local override; error
    @(131.5200 mm, 50.7600 mm): Pad 1 [GND] of C11 on F.Cu
    @(126.0200 mm, 54.2600 mm): Pad 1 [GND] of C13 on F.Cu
[unconnected_items]: Missing connection between items
    Local override; error
    @(132.5200 mm, 56.2600 mm): Pad 1 [GND] of C15 on F.Cu
    @(131.5200 mm, 50.7600 mm): Pad 1 [GND] of C11 on F.Cu
[unconnected_items]: Missing connection between items
    Local override; error
    @(135.0200 mm, 106.5000 mm): Pad 1 [GND] of C32 on F.Cu
    @(135.5200 mm, 102.5000 mm): Pad 1 [GND] of C31 on F.Cu
[unconnected_items]: Missing connection between items
    Local override; error
    @(135.0200 mm, 106.5000 mm): Pad 1 [GND] of C32 on F.Cu
    @(135.5100 mm, 111.0000 mm): Pad 2 [GND] of R25 on F.Cu
[unconnected_items]: Missing connection between items
    Local override; error
    @(135.5100 mm, 111.0000 mm): Pad 2 [GND] of R25 on F.Cu
    @(139.0200 mm, 111.5000 mm): Pad 1 [GND] of C29 on F.Cu
[unconnected_items]: Missing connection between items
    Local override; error
    @(135.9800 mm, 67.7600 mm): Pad 2 [GND] of C27 on F.Cu
    @(137.9800 mm, 60.2600 mm): Pad 2 [GND] of C34 on F.Cu
[unconnected_items]: Missing connection between items
    Local override; error
    @(137.9800 mm, 60.2600 mm): Pad 2 [GND] of C34 on F.Cu
    @(143.0200 mm, 60.2600 mm): Pad 1 [GND] of C35 on F.Cu
[unconnected_items]: Missing connection between items
    Local override; error
    @(137.9800 mm, 60.2600 mm): Pad 2 [GND] of C34 on F.Cu
    @(132.5200 mm, 56.2600 mm): Pad 1 [GND] of C15 on F.Cu
[unconnected_items]: Missing connection between items
    Local override; error
    @(138.7300 mm, 122.9500 mm): Pad 3 [GND] of U11 on F.Cu
    @(140.0000 mm, 122.9500 mm): Pad 5 [GND] of U11 on F.Cu
[unconnected_items]: Missing connection between items
    Local override; error
    @(142.4800 mm, 72.2600 mm): Pad 2 [GND] of C4 on F.Cu
    @(135.9800 mm, 67.7600 mm): Pad 2 [GND] of C27 on F.Cu
[unconnected_items]: Missing connection between items
    Local override; error
    @(142.4800 mm, 72.2600 mm): Pad 2 [GND] of C4 on F.Cu
    @(131.1765 mm, 85.4952 mm): Pad 2 [GND] of R12 on B.Cu
[unconnected_items]: Missing connection between items
    Local override; error
    @(142.5400 mm, 122.9500 mm): Pad 9 [GND] of U11 on F.Cu
    @(140.0000 mm, 122.9500 mm): Pad 5 [GND] of U11 on F.Cu
[unconnected_items]: Missing connection between items
    Local override; error
    @(143.0200 mm, 60.2600 mm): Pad 1 [GND] of C35 on F.Cu
    @(149.0200 mm, 56.2600 mm): Pad 1 [GND] of C2 on F.Cu
[unconnected_items]: Missing connection between items
    Local override; error
    @(154.4700 mm, 102.0000 mm): Pad 2 [GND] of C14 on F.Cu
    @(157.5000 mm, 110.3600 mm): Pad 2 [GND] of SW1 on F.Cu
[unconnected_items]: Missing connection between items
    Local override; error
    @(157.5000 mm, 97.0000 mm): Pad 2 [GND] of R13 on F.Cu
    @(160.1250 mm, 96.0950 mm): Pad 1 [GND] of U5 on F.Cu
[unconnected_items]: Missing connection between items
    Local override; error
    @(157.5000 mm, 97.0000 mm): Pad 2 [GND] of R13 on F.Cu
    @(154.4700 mm, 102.0000 mm): Pad 2 [GND] of C14 on F.Cu
[unconnected_items]: Missing connection between items
    Local override; error
    @(157.5500 mm, 71.5000 mm): Pad 1 [GND] of C7 on F.Cu
    @(159.4500 mm, 74.5100 mm): Pad 2 [GND] of C9 on F.Cu
[unconnected_items]: Missing connection between items
    Local override; error
    @(157.5500 mm, 71.5000 mm): Pad 1 [GND] of C7 on F.Cu
    @(142.4800 mm, 72.2600 mm): Pad 2 [GND] of C4 on F.Cu
[unconnected_items]: Missing connection between items
    Local override; error
    @(159.4500 mm, 74.5100 mm): Pad 2 [GND] of C9 on F.Cu
    @(163.4763 mm, 77.0904 mm): Pad 2 [GND] of R2 on F.Cu
[unconnected_items]: Missing connection between items
    Local override; error
    @(159.4500 mm, 74.5100 mm): Pad 2 [GND] of C9 on F.Cu
    @(157.9800 mm, 80.5000 mm): Pad 2 [GND] of C5 on F.Cu
[unconnected_items]: Missing connection between items
    Local override; error
    @(160.1250 mm, 96.0950 mm): Pad 1 [GND] of U5 on F.Cu
    @(162.3500 mm, 96.7000 mm): PTH pad 9 [GND] of U5
[unconnected_items]: Missing connection between items
    Local override; error
    @(162.2771 mm, 71.1357 mm): Pad 2 [GND] of R1 on F.Cu
    @(159.4500 mm, 74.5100 mm): Pad 2 [GND] of C9 on F.Cu
[unconnected_items]: Missing connection between items
    Local override; error
    @(162.3500 mm, 96.7000 mm): PTH pad 9 [GND] of U5
    @(162.4800 mm, 92.0000 mm): Pad 2 [GND] of C6 on F.Cu
[unconnected_items]: Missing connection between items
    Local override; error
    @(162.4800 mm, 92.0000 mm): Pad 2 [GND] of C6 on F.Cu
    @(163.4900 mm, 89.0000 mm): Pad 1 [GND] of R15 on F.Cu
[unconnected_items]: Missing connection between items
    Local override; error
    @(162.9800 mm, 84.0000 mm): Pad 2 [GND] of C10 on F.Cu
    @(163.4900 mm, 89.0000 mm): Pad 1 [GND] of R15 on F.Cu
[unconnected_items]: Missing connection between items
    Local override; error
    @(162.9800 mm, 84.0000 mm): Pad 2 [GND] of C10 on F.Cu
    @(157.9800 mm, 80.5000 mm): Pad 2 [GND] of C5 on F.Cu
[unconnected_items]: Missing connection between items
    Local override; error
    @(165.8750 mm, 97.3650 mm): Pad 7 [GND] of U5 on F.Cu
    @(163.6500 mm, 98.0000 mm): PTH pad 9 [GND] of U5
[unconnected_items]: Missing connection between items
    Local override; error
    @(167.5000 mm, 67.0000 mm): Pad 2 [GND] of C20 on F.Cu
    @(170.0500 mm, 67.0000 mm): Pad 1 [GND] of C23 on F.Cu
[unconnected_items]: Missing connection between items
    Local override; error
    @(167.5000 mm, 70.0100 mm): Pad 2 [GND] of C21 on F.Cu
    @(167.5000 mm, 67.0000 mm): Pad 2 [GND] of C20 on F.Cu
[unconnected_items]: Missing connection between items
    Local override; error
    @(167.5000 mm, 70.0100 mm): Pad 2 [GND] of C21 on F.Cu
    @(162.2771 mm, 71.1357 mm): Pad 2 [GND] of R1 on F.Cu
[unconnected_items]: Missing connection between items
    Local override; error
    @(168.0100 mm, 88.0000 mm): Pad 2 [GND] of R20 on F.Cu
    @(163.4900 mm, 89.0000 mm): Pad 1 [GND] of R15 on F.Cu
[unconnected_items]: Missing connection between items
    Local override; error
    @(170.0500 mm, 67.0000 mm): Pad 1 [GND] of C23 on F.Cu
    @(171.9500 mm, 70.0100 mm): Pad 2 [GND] of C28 on F.Cu
[unconnected_items]: Missing connection between items
    Local override; error
    @(175.0100 mm, 109.0000 mm): Pad 2 [GND] of R23 on F.Cu
    @(178.4900 mm, 99.0000 mm): Pad 1 [GND] of R29 on F.Cu
[unconnected_items]: Missing connection between items
    Local override; error
    @(175.4750 mm, 90.5000 mm): Pad 2 [GND] of C17 on F.Cu
    @(179.0000 mm, 92.6500 mm): Pad 2 [GND] of U12 on F.Cu
[unconnected_items]: Missing connection between items
    Local override; error
    @(175.4750 mm, 90.5000 mm): Pad 2 [GND] of C17 on F.Cu
    @(168.0100 mm, 88.0000 mm): Pad 2 [GND] of R20 on F.Cu
[unconnected_items]: Missing connection between items
    Local override; error
    @(176.5000 mm, 110.0000 mm): PTH pad 3 [GND] of CN1
    @(175.0100 mm, 109.0000 mm): Pad 2 [GND] of R23 on F.Cu
[unconnected_items]: Missing connection between items
    Local override; error
    @(176.5000 mm, 110.0000 mm): PTH pad 3 [GND] of CN1
    @(184.0625 mm, 111.4500 mm): Pad 2 [GND] of Q3 on F.Cu
[unconnected_items]: Missing connection between items
    Local override; error
    @(176.8400 mm, 75.6200 mm): Pad A6 [GND] of U3 on F.Cu
    @(177.2600 mm, 75.6200 mm): Pad A7 [GND] of U3 on F.Cu
[unconnected_items]: Missing connection between items
    Local override; error
    @(176.8400 mm, 75.6200 mm): Pad A6 [GND] of U3 on F.Cu
    @(171.9500 mm, 70.0100 mm): Pad 2 [GND] of C28 on F.Cu
[unconnected_items]: Missing connection between items
    Local override; error
    @(177.2600 mm, 75.6200 mm): Pad A7 [GND] of U3 on F.Cu
    @(177.2600 mm, 77.3800 mm): Pad E7 [GND] of U3 on F.Cu
[unconnected_items]: Missing connection between items
    Local override; error
    @(178.4900 mm, 99.0000 mm): Pad 1 [GND] of R29 on F.Cu
    @(179.0000 mm, 97.0220 mm): Pad 2 [GND] of U13 on F.Cu
[unconnected_items]: Missing connection between items
    Local override; error
    @(179.0000 mm, 92.6500 mm): Pad 2 [GND] of U12 on F.Cu
    @(179.0000 mm, 97.0220 mm): Pad 2 [GND] of U13 on F.Cu
[unconnected_items]: Missing connection between items
    Local override; error
    @(179.0000 mm, 97.0220 mm): Pad 2 [GND] of U13 on F.Cu
    @(174.0100 mm, 96.0000 mm): Pad 2 [GND] of R22 on F.Cu
[unconnected_items]: Missing connection between items
    Local override; error
    @(181.9800 mm, 77.0000 mm): Pad 2 [GND] of C24 on F.Cu
    @(177.2600 mm, 77.3800 mm): Pad E7 [GND] of U3 on F.Cu
[unconnected_items]: Missing connection between items
    Local override; error
    @(198.9750 mm, 91.5000 mm): Pad 2 [GND] of C19 on F.Cu
    @(179.0000 mm, 92.6500 mm): Pad 2 [GND] of U12 on F.Cu
[unconnected_items]: Missing connection between items
    Local override; error
    @(203.0900 mm, 92.4600 mm): Pad 2 [GND] of C16 on F.Cu
    @(203.9000 mm, 96.5000 mm): Pad 2 [GND] of C22 on F.Cu
[unconnected_items]: Missing connection between items
    Local override; error
    @(203.0900 mm, 92.4600 mm): Pad 2 [GND] of C16 on F.Cu
    @(198.9750 mm, 91.5000 mm): Pad 2 [GND] of C19 on F.Cu
[unconnected_items]: Missing connection between items
    Local override; error
    @(203.9000 mm, 96.5000 mm): Pad 2 [GND] of C22 on F.Cu
    @(199.4500 mm, 96.5000 mm): Pad 2 [GND] of C18 on F.Cu
[unconnected_items]: Missing connection between items
    Local override; error
    @(206.0000 mm, 79.2500 mm): Pad 1 [GND] of D5 on F.Cu
    @(212.0370 mm, 80.7000 mm): Pad A1B12 [GND] of USB1 on F.Cu
[unconnected_items]: Missing connection between items
    Local override; error
    @(206.0000 mm, 79.2500 mm): Pad 1 [GND] of D5 on F.Cu
    @(203.0900 mm, 92.4600 mm): Pad 2 [GND] of C16 on F.Cu
[unconnected_items]: Missing connection between items
    Local override; error
    @(212.0370 mm, 74.3000 mm): Pad B1A12 [GND] of USB1 on F.Cu
    @(212.5870 mm, 73.1800 mm): PTH pad 14 [GND] of USB1
[unconnected_items]: Missing connection between items
    Local override; error
    @(212.0370 mm, 74.3000 mm): Pad B1A12 [GND] of USB1 on F.Cu
    @(212.0370 mm, 80.7000 mm): Pad A1B12 [GND] of USB1 on F.Cu
[unconnected_items]: Missing connection between items
    Local override; error
    @(212.0370 mm, 80.7000 mm): Pad A1B12 [GND] of USB1 on F.Cu
    @(212.5870 mm, 81.8200 mm): PTH pad 13 [GND] of USB1
[unconnected_items]: Missing connection between items
    Local override; error
    @(212.5870 mm, 81.8200 mm): PTH pad 13 [GND] of USB1
    @(216.7970 mm, 81.8200 mm): PTH pad 13 [GND] of USB1
[unconnected_items]: Missing connection between items
    Local override; error
    @(216.7970 mm, 73.1800 mm): PTH pad 14 [GND] of USB1
    @(212.5870 mm, 73.1800 mm): PTH pad 14 [GND] of USB1
[unconnected_items]: Missing connection between items
    Local override; error
    @(120.7100 mm, 73.7000 mm): Pad 1 [Net-(U1-P1.12)] of R28 on B.Cu
    @(127.1673 mm, 60.4677 mm): Pad B17 [Net-(U1-P1.12)] of U1 on F.Cu
[unconnected_items]: Missing connection between items
    Local override; error
    @(126.2100 mm, 77.2000 mm): Pad 1 [Net-(U1-P1.11)] of R6 on B.Cu
    @(127.6673 mm, 60.4677 mm): Pad B19 [Net-(U1-P1.11)] of U1 on F.Cu
[unconnected_items]: Missing connection between items
    Local override; error
    @(129.4173 mm, 60.4677 mm): Pad B24 [Net-(U1-XC1)] of U1 on F.Cu
    @(135.0200 mm, 67.7600 mm): Pad 1 [Net-(U1-XC1)] of C27 on F.Cu
[unconnected_items]: Missing connection between items
    Local override; error
    @(135.0200 mm, 67.7600 mm): Pad 1 [Net-(U1-XC1)] of C27 on F.Cu
    @(148.9000 mm, 65.3600 mm): Pad 2 [Net-(U1-XC1)] of Y1 on F.Cu
[unconnected_items]: Missing connection between items
    Local override; error
    @(113.4800 mm, 75.7600 mm): Pad 2 [Net-(U1-DEC1)] of C8 on F.Cu
    @(122.9173 mm, 60.9677 mm): Pad C1 [Net-(U1-DEC1)] of U1 on F.Cu
[unconnected_items]: Missing connection between items
    Local override; error
    @(128.9173 mm, 61.2177 mm): Pad D23 [Net-(U1-DEC3)] of U1 on F.Cu
    @(132.4800 mm, 50.7600 mm): Pad 2 [Net-(U1-DEC3)] of C11 on F.Cu
[unconnected_items]: Missing connection between items
    Local override; error
    @(111.0000 mm, 50.5600 mm): Pad 3 [/SEN_TX] of U8 on F.Cu
    @(122.9173 mm, 61.9677 mm): Pad G1 [/SEN_TX] of U1 on F.Cu
[unconnected_items]: Missing connection between items
    Local override; error
    @(110.0000 mm, 50.5600 mm): Pad 2 [/SEN_RX] of U8 on F.Cu
    @(123.4173 mm, 62.2177 mm): Pad H2 [/SEN_RX] of U1 on F.Cu
[unconnected_items]: Missing connection between items
    Local override; error
    @(128.9173 mm, 62.2177 mm): Pad H23 [Net-(U1-ANT)] of U1 on F.Cu
    @(68.4800 mm, 78.0000 mm): Pad 2 [Net-(U1-ANT)] of C26 on F.Cu
[unconnected_items]: Missing connection between items
    Local override; error
    @(175.0500 mm, 104.5000 mm): Pad 2 [Net-(U1-ANT)] of L6 on F.Cu
    @(128.9173 mm, 62.2177 mm): Pad H23 [Net-(U1-ANT)] of U1 on F.Cu
[unconnected_items]: Missing connection between items
    Local override; error
    @(126.9800 mm, 54.2600 mm): Pad 2 [Net-(U1-DEC5)] of C13 on F.Cu
    @(129.4173 mm, 63.4677 mm): Pad N24 [Net-(U1-DEC5)] of U1 on F.Cu
[unconnected_items]: Missing connection between items
    Local override; error
    @(103.4600 mm, 123.4500 mm): Pad 1 [/VTref_52840] of U14 on F.Cu
    @(129.4173 mm, 64.4677 mm): Pad U24 [/VTref_52840] of U1 on F.Cu
[unconnected_items]: Missing connection between items
    Local override; error
    @(113.0000 mm, 50.5600 mm): Pad 5 [/SEN_IRQ] of U8 on F.Cu
    @(128.9173 mm, 64.7177 mm): Pad V23 [/SEN_IRQ] of U1 on F.Cu
[unconnected_items]: Missing connection between items
    Local override; error
    @(129.4173 mm, 64.9677 mm): Pad W24 [/Solenoid] of U1 on F.Cu
    @(183.9900 mm, 116.5000 mm): Pad 1 [/Solenoid] of R18 on F.Cu
[unconnected_items]: Missing connection between items
    Local override; error
    @(128.9173 mm, 65.2177 mm): Pad Y23 [/NPM_RESET] of U1 on F.Cu
    @(176.8400 mm, 76.9400 mm): Pad D6 [/NPM_RESET] of U3 on F.Cu
[unconnected_items]: Missing connection between items
    Local override; error
    @(117.6839 mm, 106.8091 mm): Pad 10 [/VSYS] of U2 on F.Cu
    @(117.6839 mm, 108.8091 mm): Pad 14 [/VSYS] of U2 on F.Cu
[unconnected_items]: Missing connection between items
    Local override; error
    @(165.6000 mm, 70.0100 mm): Pad 1 [/VSYS] of C21 on F.Cu
    @(165.6000 mm, 67.0000 mm): Pad 1 [/VSYS] of C20 on F.Cu
[unconnected_items]: Missing connection between items
    Local override; error
    @(165.6000 mm, 70.0100 mm): Pad 1 [/VSYS] of C21 on F.Cu
    @(174.7400 mm, 76.5000 mm): Pad C1 [/VSYS] of U3 on F.Cu
[unconnected_items]: Missing connection between items
    Local override; error
    @(165.6000 mm, 70.0100 mm): Pad 1 [/VSYS] of C21 on F.Cu
    @(117.6839 mm, 106.8091 mm): Pad 10 [/VSYS] of U2 on F.Cu
[unconnected_items]: Missing connection between items
    Local override; error
    @(174.7400 mm, 76.5000 mm): Pad C1 [/VSYS] of U3 on F.Cu
    @(175.1600 mm, 76.5000 mm): Pad C2 [/VSYS] of U3 on F.Cu
[unconnected_items]: Missing connection between items
    Local override; error
    @(175.1600 mm, 76.5000 mm): Pad C2 [/VSYS] of U3 on F.Cu
    @(177.2600 mm, 76.5000 mm): Pad C7 [/VSYS] of U3 on F.Cu
[unconnected_items]: Missing connection between items
    Local override; error
    @(202.0000 mm, 96.5000 mm): Pad 1 [/VSYS] of C22 on F.Cu
    @(213.2000 mm, 67.4500 mm): Pad 4 [/VSYS] of LED1 on B.Cu
[unconnected_items]: Missing connection between items
    Local override; error
    @(202.0000 mm, 96.5000 mm): Pad 1 [/VSYS] of C22 on F.Cu
    @(177.2600 mm, 76.5000 mm): Pad C7 [/VSYS] of U3 on F.Cu
[unconnected_items]: Missing connection between items
    Local override; error
    @(174.7400 mm, 76.9400 mm): Pad D1 [Net-(C10-Pad1)] of U3 on F.Cu
    @(162.0200 mm, 84.0000 mm): Pad 1 [Net-(C10-Pad1)] of C10 on F.Cu
[unconnected_items]: Missing connection between items
    Local override; error
    @(175.1600 mm, 76.9400 mm): Pad D2 [Net-(C10-Pad1)] of U3 on F.Cu
    @(174.7400 mm, 76.9400 mm): Pad D1 [Net-(C10-Pad1)] of U3 on F.Cu
[unconnected_items]: Missing connection between items
    Local override; error
    @(174.7400 mm, 76.0600 mm): Pad B1 [/VBUS] of U3 on F.Cu
    @(157.0200 mm, 80.5000 mm): Pad 1 [/VBUS] of C5 on F.Cu
[unconnected_items]: Missing connection between items
    Local override; error
    @(175.1600 mm, 76.0600 mm): Pad B2 [/VBUS] of U3 on F.Cu
    @(174.7400 mm, 76.0600 mm): Pad B1 [/VBUS] of U3 on F.Cu
[unconnected_items]: Missing connection between items
    Local override; error
    @(175.1600 mm, 76.0600 mm): Pad B2 [/VBUS] of U3 on F.Cu
    @(208.0000 mm, 79.0500 mm): Pad 4 [/VBUS] of D5 on F.Cu
[unconnected_items]: Missing connection between items
    Local override; error
    @(208.0000 mm, 79.0500 mm): Pad 4 [/VBUS] of D5 on F.Cu
    @(212.0370 mm, 79.9000 mm): Pad A4B9 [/VBUS] of USB1 on F.Cu
[unconnected_items]: Missing connection between items
    Local override; error
    @(212.0370 mm, 79.9000 mm): Pad A4B9 [/VBUS] of USB1 on F.Cu
    @(212.0370 mm, 75.1000 mm): Pad B4A9 [/VBUS] of USB1 on F.Cu
[unconnected_items]: Missing connection between items
    Local override; error
    @(176.4200 mm, 76.9400 mm): Pad D5 [/CC1] of U3 on F.Cu
    @(212.0370 mm, 78.7500 mm): Pad A5 [/CC1] of USB1 on F.Cu
[unconnected_items]: Missing connection between items
    Local override; error
    @(175.5800 mm, 76.0600 mm): Pad B3 [/CC2] of U3 on F.Cu
    @(212.0370 mm, 75.7500 mm): Pad B5 [/CC2] of USB1 on F.Cu
[unconnected_items]: Missing connection between items
    Local override; error
    @(63.5200 mm, 107.5800 mm): Pad 1 [/SIM_1V8] of C37 on F.Cu
    @(65.7500 mm, 113.4100 mm): Pad C1 [/SIM_1V8] of Card1 on F.Cu
[unconnected_items]: Missing connection between items
    Local override; error
    @(65.7500 mm, 113.4100 mm): Pad C1 [/SIM_1V8] of Card1 on F.Cu
    @(117.6839 mm, 111.3091 mm): Pad 19 [/SIM_1V8] of U2 on F.Cu
[unconnected_items]: Missing connection between items
    Local override; error
    @(63.2100 mm, 113.4100 mm): Pad C2 [/SIM_RST] of Card1 on F.Cu
    @(117.6839 mm, 109.8091 mm): Pad 16 [/SIM_RST] of U2 on F.Cu
[unconnected_items]: Missing connection between items
    Local override; error
    @(60.6700 mm, 113.4100 mm): Pad C3 [/SIM_CLK] of Card1 on F.Cu
    @(117.6839 mm, 110.8091 mm): Pad 18 [/SIM_CLK] of U2 on F.Cu
[unconnected_items]: Missing connection between items
    Local override; error
    @(59.4900 mm, 110.0800 mm): Pad 1 [/SIM_IO] of R31 on F.Cu
    @(61.9400 mm, 113.4100 mm): Pad C7 [/SIM_IO] of Card1 on F.Cu
[unconnected_items]: Missing connection between items
    Local override; error
    @(61.9400 mm, 113.4100 mm): Pad C7 [/SIM_IO] of Card1 on F.Cu
    @(117.6839 mm, 110.3091 mm): Pad 17 [/SIM_IO] of U2 on F.Cu
[unconnected_items]: Missing connection between items
    Local override; error
    @(67.9700 mm, 113.4100 mm): Pad CD [/SIM_CD] of Card1 on F.Cu
    @(121.0639 mm, 112.1791 mm): Pad 26 [/SIM_CD] of U2 on F.Cu
[unconnected_items]: Missing connection between items
    Local override; error
    @(146.9000 mm, 91.5200 mm): Pad 1 [+12V] of R7 on B.Cu
    @(146.9000 mm, 96.4300 mm): Pad 1 [+12V] of R8 on B.Cu
[unconnected_items]: Missing connection between items
    Local override; error
    @(146.9000 mm, 96.4300 mm): Pad 1 [+12V] of R8 on B.Cu
    @(146.9000 mm, 101.3400 mm): Pad 1 [+12V] of R9 on B.Cu
[unconnected_items]: Missing connection between items
    Local override; error
    @(146.9000 mm, 101.3400 mm): Pad 1 [+12V] of R9 on B.Cu
    @(146.9000 mm, 106.2500 mm): Pad 1 [+12V] of R10 on B.Cu
[unconnected_items]: Missing connection between items
    Local override; error
    @(159.9900 mm, 88.0000 mm): Pad 1 [+12V] of R19 on F.Cu
    @(172.5250 mm, 90.5000 mm): Pad 1 [+12V] of C17 on F.Cu
[unconnected_items]: Missing connection between items
    Local override; error
    @(159.9900 mm, 88.0000 mm): Pad 1 [+12V] of R19 on F.Cu
    @(146.9000 mm, 91.5200 mm): Pad 1 [+12V] of R7 on B.Cu
[unconnected_items]: Missing connection between items
    Local override; error
    @(172.5250 mm, 90.5000 mm): Pad 1 [+12V] of C17 on F.Cu
    @(183.2300 mm, 90.6600 mm): Pad 1 [+12V] of D13 on F.Cu
[unconnected_items]: Missing connection between items
    Local override; error
    @(183.2300 mm, 94.6700 mm): Pad 1 [+12V] of D14 on F.Cu
    @(183.2300 mm, 90.6600 mm): Pad 1 [+12V] of D13 on F.Cu
[unconnected_items]: Missing connection between items
    Local override; error
    @(193.2300 mm, 114.6800 mm): Pad 1 [+12V] of J1 on F.Cu
    @(183.2300 mm, 94.6700 mm): Pad 1 [+12V] of D14 on F.Cu
[unconnected_items]: Missing connection between items
    Local override; error
    @(185.9375 mm, 110.5000 mm): Pad 3 [Net-(D13-A)] of Q3 on F.Cu
    @(195.7700 mm, 114.6800 mm): Pad 2 [Net-(D13-A)] of J1 on F.Cu
[unconnected_items]: Missing connection between items
    Local override; error
    @(187.6300 mm, 90.6600 mm): Pad 2 [Net-(D13-A)] of D13 on F.Cu
    @(185.9375 mm, 110.5000 mm): Pad 3 [Net-(D13-A)] of Q3 on F.Cu
[unconnected_items]: Missing connection between items
    Local override; error
    @(66.7500 mm, 87.5000 mm): Pad 1 [/RF] of R30 on F.Cu
    @(69.7500 mm, 82.5000 mm): Pad 1 [/RF] of C_ANT1 on F.Cu
[unconnected_items]: Missing connection between items
    Local override; error
    @(69.7500 mm, 82.5000 mm): Pad 1 [/RF] of C_ANT1 on F.Cu
    @(61.4800 mm, 75.0000 mm): Pad 2 [/RF] of C25 on F.Cu
[unconnected_items]: Missing connection between items
    Local override; error
    @(173.9500 mm, 104.5000 mm): Pad 1 [/RF] of L6 on F.Cu
    @(69.7500 mm, 82.5000 mm): Pad 1 [/RF] of C_ANT1 on F.Cu
[unconnected_items]: Missing connection between items
    Local override; error
    @(160.1250 mm, 99.9050 mm): Pad 4 [Net-(U5-ILIM)] of U5 on F.Cu
    @(173.9900 mm, 109.0000 mm): Pad 1 [Net-(U5-ILIM)] of R23 on F.Cu
[unconnected_items]: Missing connection between items
    Local override; error
    @(176.4200 mm, 75.6200 mm): Pad A5 [/ALARM_LS] of U3 on F.Cu
    @(170.0500 mm, 70.0100 mm): Pad 1 [/ALARM_LS] of C28 on F.Cu
[unconnected_items]: Missing connection between items
    Local override; error
    @(179.5100 mm, 99.0000 mm): Pad 2 [/ALARM_LS] of R29 on F.Cu
    @(179.9500 mm, 94.7220 mm): Pad 4 [/ALARM_LS] of U13 on F.Cu
[unconnected_items]: Missing connection between items
    Local override; error
    @(179.9500 mm, 90.3500 mm): Pad 4 [/ALARM_LS] of U12 on F.Cu
    @(176.4200 mm, 75.6200 mm): Pad A5 [/ALARM_LS] of U3 on F.Cu
[unconnected_items]: Missing connection between items
    Local override; error
    @(179.9500 mm, 90.3500 mm): Pad 4 [/ALARM_LS] of U12 on F.Cu
    @(164.5100 mm, 89.0000 mm): Pad 2 [/ALARM_LS] of R15 on F.Cu
[unconnected_items]: Missing connection between items
    Local override; error
    @(179.9500 mm, 94.7220 mm): Pad 4 [/ALARM_LS] of U13 on F.Cu
    @(179.9500 mm, 90.3500 mm): Pad 4 [/ALARM_LS] of U12 on F.Cu
[unconnected_items]: Missing connection between items
    Local override; error
    @(178.0500 mm, 97.0220 mm): Pad 1 [Net-(D15-A)] of U13 on F.Cu
    @(187.6300 mm, 98.6800 mm): Pad 2 [Net-(D15-A)] of D15 on F.Cu
[unconnected_items]: Missing connection between items
    Local override; error
    @(187.6300 mm, 98.6800 mm): Pad 2 [Net-(D15-A)] of D15 on F.Cu
    @(193.6300 mm, 96.6800 mm): Pad 2 [Net-(D15-A)] of L3 on F.Cu
[unconnected_items]: Missing connection between items
    Local override; error
    @(169.0100 mm, 92.0000 mm): Pad 2 [Net-(U13-FB)] of R21 on F.Cu
    @(172.9900 mm, 96.0000 mm): Pad 1 [Net-(U13-FB)] of R22 on F.Cu
[unconnected_items]: Missing connection between items
    Local override; error
    @(172.9900 mm, 96.0000 mm): Pad 1 [Net-(U13-FB)] of R22 on F.Cu
    @(179.9500 mm, 97.0220 mm): Pad 3 [Net-(U13-FB)] of U13 on F.Cu
[unconnected_items]: Missing connection between items
    Local override; error
    @(179.0000 mm, 94.7220 mm): Pad 5 [Net-(U13-IN)] of U13 on F.Cu
    @(190.4300 mm, 96.6800 mm): Pad 1 [Net-(U13-IN)] of L3 on F.Cu
[unconnected_items]: Missing connection between items
    Local override; error
    @(190.4300 mm, 96.6800 mm): Pad 1 [Net-(U13-IN)] of L3 on F.Cu
    @(197.5500 mm, 96.5000 mm): Pad 1 [Net-(U13-IN)] of C18 on F.Cu
[unconnected_items]: Missing connection between items
    Local override; error
    @(114.0000 mm, 50.5600 mm): Pad 6 [/BIO_LS] of U8 on F.Cu
    @(157.5500 mm, 74.5100 mm): Pad 1 [/BIO_LS] of C9 on F.Cu
[unconnected_items]: Missing connection between items
    Local override; error
    @(157.5500 mm, 74.5100 mm): Pad 1 [/BIO_LS] of C9 on F.Cu
    @(176.0000 mm, 75.6200 mm): Pad A4 [/BIO_LS] of U3 on F.Cu
[unconnected_items]: Missing connection between items
    Local override; error
    @(177.2600 mm, 76.0600 mm): Pad B7 [Net-(U3-SW1)] of U3 on F.Cu
    @(177.5150 mm, 67.5000 mm): Pad 2 [Net-(U3-SW1)] of L4 on F.Cu
[unconnected_items]: Missing connection between items
    Local override; error
    @(171.9500 mm, 67.0000 mm): Pad 2 [+3.3V] of C23 on F.Cu
    @(176.0000 mm, 76.0600 mm): Pad B4 [+3.3V] of U3 on F.Cu
[unconnected_items]: Missing connection between items
    Local override; error
    @(171.9500 mm, 67.0000 mm): Pad 2 [+3.3V] of C23 on F.Cu
    @(112.0000 mm, 50.5600 mm): Pad 4 [+3.3V] of U8 on F.Cu
[unconnected_items]: Missing connection between items
    Local override; error
    @(177.2600 mm, 76.9400 mm): Pad D7 [+3.3V] of U3 on F.Cu
    @(176.0000 mm, 76.0600 mm): Pad B4 [+3.3V] of U3 on F.Cu
[unconnected_items]: Missing connection between items
    Local override; error
    @(177.2600 mm, 76.9400 mm): Pad D7 [+3.3V] of U3 on F.Cu
    @(185.4000 mm, 67.5000 mm): Pad 1 [+3.3V] of L5 on F.Cu
[unconnected_items]: Missing connection between items
    Local override; error
    @(161.2571 mm, 71.1357 mm): Pad 1 [Net-(U3-VSET1)] of R1 on F.Cu
    @(175.1600 mm, 77.3800 mm): Pad E2 [Net-(U3-VSET1)] of U3 on F.Cu
[unconnected_items]: Missing connection between items
    Local override; error
    @(162.4563 mm, 77.0904 mm): Pad 1 [Net-(U3-VSET2)] of R2 on F.Cu
    @(174.7400 mm, 77.3800 mm): Pad E1 [Net-(U3-VSET2)] of U3 on F.Cu
[unconnected_items]: Missing connection between items
    Local override; error
    @(184.0625 mm, 109.5500 mm): Pad 1 [Net-(Q3-G)] of Q3 on F.Cu
    @(185.0100 mm, 116.5000 mm): Pad 2 [Net-(Q3-G)] of R18 on F.Cu
[unconnected_items]: Missing connection between items
    Local override; error
    @(175.5800 mm, 76.9400 mm): Pad D3 [/NTC] of U3 on F.Cu
    @(178.5000 mm, 110.0000 mm): PTH pad 2 [/NTC] of CN1
[unconnected_items]: Missing connection between items
    Local override; error
    @(166.9900 mm, 88.0000 mm): Pad 1 [Net-(U12-FB)] of R20 on F.Cu
    @(161.0100 mm, 88.0000 mm): Pad 2 [Net-(U12-FB)] of R19 on F.Cu
[unconnected_items]: Missing connection between items
    Local override; error
    @(179.9500 mm, 92.6500 mm): Pad 3 [Net-(U12-FB)] of U12 on F.Cu
    @(166.9900 mm, 88.0000 mm): Pad 1 [Net-(U12-FB)] of R20 on F.Cu
[unconnected_items]: Missing connection between items
    Local override; error
    @(153.5100 mm, 102.0000 mm): Pad 1 [+15V] of C14 on F.Cu
    @(165.8750 mm, 99.9050 mm): Pad 5 [+15V] of U5 on F.Cu
[unconnected_items]: Missing connection between items
    Local override; error
    @(167.9900 mm, 92.0000 mm): Pad 1 [+15V] of R21 on F.Cu
    @(165.8750 mm, 99.9050 mm): Pad 5 [+15V] of U5 on F.Cu
[unconnected_items]: Missing connection between items
    Local override; error
    @(183.2300 mm, 98.6800 mm): Pad 1 [+15V] of D15 on F.Cu
    @(196.0250 mm, 91.5000 mm): Pad 1 [+15V] of C19 on F.Cu
[unconnected_items]: Missing connection between items
    Local override; error
    @(183.2300 mm, 98.6800 mm): Pad 1 [+15V] of D15 on F.Cu
    @(167.9900 mm, 92.0000 mm): Pad 1 [+15V] of R21 on F.Cu
[unconnected_items]: Missing connection between items
    Local override; error
    @(117.6839 mm, 103.3091 mm): Pad 3 [/SWDCLK_9151] of U2 on F.Cu
    @(138.7300 mm, 119.0500 mm): Pad 4 [/SWDCLK_9151] of U11 on F.Cu
[unconnected_items]: Missing connection between items
    Local override; error
    @(117.6839 mm, 103.8091 mm): Pad 4 [/SWDIO_9151] of U2 on F.Cu
    @(137.4600 mm, 119.0500 mm): Pad 2 [/SWDIO_9151] of U11 on F.Cu
[unconnected_items]: Missing connection between items
    Local override; error
    @(117.6839 mm, 106.3091 mm): Pad 9 [/nRST_9151] of U2 on F.Cu
    @(142.5400 mm, 119.0500 mm): Pad 10 [/nRST_9151] of U11 on F.Cu
[unconnected_items]: Missing connection between items
    Local override; error
    @(120.0639 mm, 112.1791 mm): Pad 24 [Net-(U2-DEC0)] of U2 on F.Cu
    @(136.4800 mm, 102.5000 mm): Pad 2 [Net-(U2-DEC0)] of C31 on F.Cu
[unconnected_items]: Missing connection between items
    Local override; error
    @(71.4100 mm, 61.4700 mm): Pad 1 [/CELL] of U6 on F.Cu
    @(125.5639 mm, 112.1791 mm): Pad 35 [/CELL] of U2 on F.Cu
[unconnected_items]: Missing connection between items
    Local override; error
    @(75.9800 mm, 61.4700 mm): Pad 1 [/GNSS] of U10 on F.Cu
    @(128.9439 mm, 111.3091 mm): Pad 42 [/GNSS] of U2 on F.Cu
[unconnected_items]: Missing connection between items
    Local override; error
    @(128.9439 mm, 105.3091 mm): Pad 54 [Net-(U2-COEX2)] of U2 on F.Cu
    @(134.4900 mm, 111.0000 mm): Pad 1 [Net-(U2-COEX2)] of R25 on F.Cu
[unconnected_items]: Missing connection between items
    Local override; error
    @(125.2500 mm, 122.0000 mm): PTH pad 2 [/VTref_9151] of U9
    @(137.4600 mm, 122.9500 mm): Pad 1 [/VTref_9151] of U11 on F.Cu
[unconnected_items]: Missing connection between items
    Local override; error
    @(137.4600 mm, 122.9500 mm): Pad 1 [/VTref_9151] of U11 on F.Cu
    @(139.9800 mm, 111.5000 mm): Pad 2 [/VTref_9151] of C29 on F.Cu
[unconnected_items]: Missing connection between items
    Local override; error
    @(139.9800 mm, 111.5000 mm): Pad 2 [/VTref_9151] of C29 on F.Cu
    @(126.0639 mm, 101.9391 mm): Pad 65 [/VTref_9151] of U2 on F.Cu
[unconnected_items]: Missing connection between items
    Local override; error
    @(119.0639 mm, 101.9391 mm): Pad 79 [/SWO_9151] of U2 on F.Cu
    @(140.0000 mm, 119.0500 mm): Pad 6 [/SWO_9151] of U11 on F.Cu
[unconnected_items]: Missing connection between items
    Local override; error
    @(176.8400 mm, 76.5000 mm): Pad C6 [Net-(U3-VOUT2)] of U3 on F.Cu
    @(182.6000 mm, 67.5000 mm): Pad 2 [Net-(U3-VOUT2)] of L5 on F.Cu
[unconnected_items]: Missing connection between items
    Local override; error
    @(190.4300 mm, 91.3300 mm): Pad 1 [Net-(U12-IN)] of L2 on F.Cu
    @(179.0000 mm, 90.3500 mm): Pad 5 [Net-(U12-IN)] of U12 on F.Cu
[unconnected_items]: Missing connection between items
    Local override; error
    @(201.1900 mm, 92.4600 mm): Pad 1 [Net-(U12-IN)] of C16 on F.Cu
    @(190.4300 mm, 91.3300 mm): Pad 1 [Net-(U12-IN)] of L2 on F.Cu
[unconnected_items]: Missing connection between items
    Local override; error
    @(132.1965 mm, 85.4952 mm): Pad 1 [Net-(Q2-G)] of R12 on B.Cu
    @(80.5000 mm, 90.4500 mm): Pad 1 [Net-(Q2-G)] of Q2 on F.Cu
[unconnected_items]: Missing connection between items
    Local override; error
    @(132.7785 mm, 90.6112 mm): Pad 2 [Net-(Q2-G)] of R11 on B.Cu
    @(132.1965 mm, 85.4952 mm): Pad 1 [Net-(Q2-G)] of R12 on B.Cu
[unconnected_items]: Missing connection between items
    Local override; error
    @(78.5000 mm, 89.5000 mm): Pad 3 [Net-(D1-A)] of Q2 on F.Cu
    @(139.7000 mm, 77.2500 mm): Pad 2 [Net-(D1-A)] of D11 on B.Cu
[unconnected_items]: Missing connection between items
    Local override; error
    @(139.7000 mm, 77.2500 mm): Pad 2 [Net-(D1-A)] of D11 on B.Cu
    @(144.3000 mm, 77.2500 mm): Pad 2 [Net-(D1-A)] of D9 on B.Cu
[unconnected_items]: Missing connection between items
    Local override; error
    @(144.3000 mm, 77.2500 mm): Pad 2 [Net-(D1-A)] of D9 on B.Cu
    @(148.9000 mm, 77.2500 mm): Pad 2 [Net-(D1-A)] of D7 on B.Cu
[unconnected_items]: Missing connection between items
    Local override; error
    @(148.9000 mm, 77.2500 mm): Pad 2 [Net-(D1-A)] of D7 on B.Cu
    @(153.5000 mm, 73.0000 mm): Pad 2 [Net-(D1-A)] of D1 on B.Cu
[unconnected_items]: Missing connection between items
    Local override; error
    @(178.0500 mm, 92.6500 mm): Pad 1 [Net-(D14-A)] of U12 on F.Cu
    @(187.6300 mm, 94.6700 mm): Pad 2 [Net-(D14-A)] of D14 on F.Cu
[unconnected_items]: Missing connection between items
    Local override; error
    @(187.6300 mm, 94.6700 mm): Pad 2 [Net-(D14-A)] of D14 on F.Cu
    @(193.6300 mm, 91.3300 mm): Pad 2 [Net-(D14-A)] of L2 on F.Cu
[unconnected_items]: Missing connection between items
    Local override; error
    @(62.7500 mm, 83.0000 mm): Pad 1 [Net-(C_ANT2-Pad1)] of C_ANT2 on F.Cu
    @(67.2500 mm, 87.5000 mm): Pad 2 [Net-(C_ANT2-Pad1)] of R30 on F.Cu
[unconnected_items]: Missing connection between items
    Local override; error
    @(62.7500 mm, 83.0000 mm): Pad 1 [Net-(C_ANT2-Pad1)] of C_ANT2 on F.Cu
    @(67.5000 mm, 72.5000 mm): Pad 1 [Net-(C_ANT2-Pad1)] of TP1 on F.Cu
[unconnected_items]: Missing connection between items
    Local override; error
    @(67.5000 mm, 72.5000 mm): Pad 1 [Net-(C_ANT2-Pad1)] of TP1 on F.Cu
    @(64.2500 mm, 62.0000 mm): Pad 1 [Net-(C_ANT2-Pad1)] of U7 on F.Cu
[unconnected_items]: Missing connection between items
    Local override; error
    @(153.3000 mm, 110.3600 mm): Pad 1 [Net-(U3-SHPHLD)] of SW1 on F.Cu
    @(176.0000 mm, 76.9400 mm): Pad D4 [Net-(U3-SHPHLD)] of U3 on F.Cu
[unconnected_items]: Missing connection between items
    Local override; error
    @(174.7400 mm, 75.6200 mm): Pad A1 [Net-(LED1-R-)] of U3 on F.Cu
    @(214.8000 mm, 67.4500 mm): Pad 1 [Net-(LED1-R-)] of LED1 on B.Cu
[unconnected_items]: Missing connection between items
    Local override; error
    @(175.1600 mm, 75.6200 mm): Pad A2 [Net-(LED1-G-)] of U3 on F.Cu
    @(214.8000 mm, 66.5500 mm): Pad 2 [Net-(LED1-G-)] of LED1 on B.Cu
[unconnected_items]: Missing connection between items
    Local override; error
    @(175.5800 mm, 75.6200 mm): Pad A3 [Net-(LED1-B-)] of U3 on F.Cu
    @(213.2000 mm, 66.5500 mm): Pad 3 [Net-(LED1-B-)] of LED1 on B.Cu
[unconnected_items]: Missing connection between items
    Local override; error
    @(151.9800 mm, 97.0000 mm): Pad 1 [Net-(J2-Pin_2)] of R14 on F.Cu
    @(166.7500 mm, 106.8800 mm): Pad 2 [Net-(J2-Pin_2)] of J2 on F.Cu
[unconnected_items]: Missing connection between items
    Local override; error
    @(164.2500 mm, 106.8800 mm): Pad 1 [Net-(J2-Pin_1)] of J2 on F.Cu
    @(165.8750 mm, 98.6350 mm): Pad 6 [Net-(J2-Pin_1)] of U5 on F.Cu
[unconnected_items]: Missing connection between items
    Local override; error
    @(165.8750 mm, 96.0950 mm): Pad 8 [Net-(J2-Pin_3)] of U5 on F.Cu
    @(169.2500 mm, 106.8800 mm): Pad 3 [Net-(J2-Pin_3)] of J2 on F.Cu
[unconnected_items]: Missing connection between items
    Local override; error
    @(137.7000 mm, 73.0000 mm): Pad 1 [Net-(D10-K)] of D10 on B.Cu
    @(140.9750 mm, 106.2500 mm): Pad 2 [Net-(D10-K)] of R10 on B.Cu
[unconnected_items]: Missing connection between items
    Local override; error
    @(137.7000 mm, 77.2500 mm): Pad 1 [Net-(D10-A)] of D11 on B.Cu
    @(139.7000 mm, 73.0000 mm): Pad 2 [Net-(D10-A)] of D10 on B.Cu
[unconnected_items]: Missing connection between items
    Local override; error
    @(140.9750 mm, 96.4300 mm): Pad 2 [Net-(D6-K)] of R8 on B.Cu
    @(146.9000 mm, 73.0000 mm): Pad 1 [Net-(D6-K)] of D6 on B.Cu
[unconnected_items]: Missing connection between items
    Local override; error
    @(146.9000 mm, 77.2500 mm): Pad 1 [Net-(D6-A)] of D7 on B.Cu
    @(148.9000 mm, 73.0000 mm): Pad 2 [Net-(D6-A)] of D6 on B.Cu
[unconnected_items]: Missing connection between items
    Local override; error
    @(140.9750 mm, 101.3400 mm): Pad 2 [Net-(D8-K)] of R9 on B.Cu
    @(142.3000 mm, 73.0000 mm): Pad 1 [Net-(D8-K)] of D8 on B.Cu
[unconnected_items]: Missing connection between items
    Local override; error
    @(119.9872 mm, 76.9899 mm): Pad 2 [Net-(LED2-R-)] of R5 on B.Cu
    @(125.7000 mm, 74.2000 mm): Pad 1 [Net-(LED2-R-)] of LED2 on B.Cu
[unconnected_items]: Missing connection between items
    Local override; error
    @(125.1900 mm, 77.2000 mm): Pad 2 [Net-(LED2-G-)] of R6 on B.Cu
    @(125.7000 mm, 73.3000 mm): Pad 2 [Net-(LED2-G-)] of LED2 on B.Cu
[unconnected_items]: Missing connection between items
    Local override; error
    @(119.6900 mm, 73.7000 mm): Pad 2 [Net-(LED2-B-)] of R28 on B.Cu
    @(124.1000 mm, 73.3000 mm): Pad 3 [Net-(LED2-B-)] of LED2 on B.Cu
[unconnected_items]: Missing connection between items
    Local override; error
    @(140.9750 mm, 91.5200 mm): Pad 2 [Net-(D4-K)] of R7 on B.Cu
    @(151.5000 mm, 77.2500 mm): Pad 1 [Net-(D4-K)] of D4 on B.Cu
[unconnected_items]: Missing connection between items
    Local override; error
    @(142.3000 mm, 77.2500 mm): Pad 1 [Net-(D8-A)] of D9 on B.Cu
    @(144.3000 mm, 73.0000 mm): Pad 2 [Net-(D8-A)] of D8 on B.Cu
[unconnected_items]: Missing connection between items
    Local override; error
    @(151.5000 mm, 73.0000 mm): Pad 1 [Net-(D1-K)] of D1 on B.Cu
    @(153.5000 mm, 77.2500 mm): Pad 2 [Net-(D1-K)] of D4 on B.Cu

** Found 0 Footprint errors **

** Ignored checks **
    - Footprint has no courtyard defined
    - Track endpoint not centered on via
    - Tuning profile track geometries
    - Footprint doesn't match symbol's footprint filters
    - Footprint component type doesn't match footprint pads

** End of Report **
