** Drc report for smart_pouch.kicad_pcb **
** Created on 2026-06-18T17:27:41 **
** Report includes: Errors, Warnings **

** Found 13 DRC violations **
[annular_width]: Annular width (board setup constraints min annular width 0.1000 mm; actual 0.0032 mm)
    Rule: board setup constraints; error
    @(124.5000 mm, 77.2400 mm): PTH pad [<no net>] of J3
[annular_width]: Annular width (board setup constraints min annular width 0.1000 mm; actual 0.0032 mm)
    Rule: board setup constraints; error
    @(133.0000 mm, 77.2400 mm): PTH pad [<no net>] of J3
[annular_width]: Annular width (board setup constraints min annular width 0.1000 mm; actual 0.0030 mm)
    Rule: board setup constraints; error
    @(139.5300 mm, 105.7300 mm): PTH pad [<no net>] of USB1
[annular_width]: Annular width (board setup constraints min annular width 0.1000 mm; actual 0.0030 mm)
    Rule: board setup constraints; error
    @(145.3100 mm, 105.7300 mm): PTH pad [<no net>] of USB1
[shorting_items]: Items shorting two nets (nets Net-(D14-A) and /UART_RX)
    Local override; error
    @(126.5000 mm, 95.1650 mm): Pad 2 [Net-(D14-A)] of L2 on F.Cu
    @(127.9500 mm, 95.7050 mm): PTH pad 4 [/UART_RX] of U9
[courtyards_overlap]: Courtyards overlap
    Rule: board setup constraints courtyard; error
    @(142.0250 mm, 98.5750 mm): Footprint U1
    @(131.7000 mm, 95.7050 mm): Footprint U9
[courtyards_overlap]: Courtyards overlap
    Rule: board setup constraints courtyard; error
    @(124.9000 mm, 95.1650 mm): Footprint L2
    @(131.7000 mm, 95.7050 mm): Footprint U9
[invalid_outline]: Board has malformed outline (no edges found on Edge.Cuts layer)
    Local override; error
    @(0.0000 mm, 0.0000 mm): PCB
[solder_mask_bridge]: Front solder mask aperture bridges items with different nets
    Rule: board setup solder mask min width; error
    @(127.9500 mm, 95.7050 mm): PTH pad 4 [/UART_RX] of U9
    @(126.5000 mm, 95.1650 mm): Pad 2 [Net-(D14-A)] of L2 on F.Cu
[padstack]: Padstack is questionable (PTH pad hole leaves no copper)
    Local override; warning
    @(124.5000 mm, 77.2400 mm): PTH pad [<no net>] of J3
[padstack]: Padstack is questionable (PTH pad hole leaves no copper)
    Local override; warning
    @(133.0000 mm, 77.2400 mm): PTH pad [<no net>] of J3
[padstack]: Padstack is questionable (PTH pad hole leaves no copper)
    Local override; warning
    @(139.5300 mm, 105.7300 mm): PTH pad [<no net>] of USB1
[padstack]: Padstack is questionable (PTH pad hole leaves no copper)
    Local override; warning
    @(145.3100 mm, 105.7300 mm): PTH pad [<no net>] of USB1

** Found 272 unconnected pads **
[unconnected_items]: Missing connection between items
    Local override; error
    @(141.6000 mm, 90.8050 mm): Pad 1 [+12V] of J1 on F.Cu
    @(132.6900 mm, 105.3150 mm): Pad 1 [+12V] of C17 on F.Cu
[unconnected_items]: Missing connection between items
    Local override; error
    @(141.6000 mm, 90.8050 mm): Pad 1 [+12V] of J1 on F.Cu
    @(160.6450 mm, 104.4350 mm): Pad 1 [+12V] of R19 on F.Cu
[unconnected_items]: Missing connection between items
    Local override; error
    @(167.0200 mm, 103.4550 mm): Pad 1 [+12V] of D13 on F.Cu
    @(160.6450 mm, 104.4350 mm): Pad 1 [+12V] of R19 on F.Cu
[unconnected_items]: Missing connection between items
    Local override; error
    @(167.0200 mm, 107.4650 mm): Pad 1 [+12V] of D14 on F.Cu
    @(167.0200 mm, 103.4550 mm): Pad 1 [+12V] of D13 on F.Cu
[unconnected_items]: Missing connection between items
    Local override; error
    @(161.6650 mm, 104.4350 mm): Pad 2 [Net-(U12-FB)] of R19 on F.Cu
    @(160.6450 mm, 106.4250 mm): Pad 1 [Net-(U12-FB)] of R20 on F.Cu
[unconnected_items]: Missing connection between items
    Local override; error
    @(171.6900 mm, 94.9360 mm): Pad 3 [Net-(U12-FB)] of U12 on F.Cu
    @(161.6650 mm, 104.4350 mm): Pad 2 [Net-(U12-FB)] of R19 on F.Cu
[unconnected_items]: Missing connection between items
    Local override; error
    @(123.6250 mm, 87.5150 mm): Pad 13 [GND] of U2 on F.Cu
    @(123.6250 mm, 88.5150 mm): Pad 15 [GND] of U2 on F.Cu
[unconnected_items]: Missing connection between items
    Local override; error
    @(123.6250 mm, 88.5150 mm): Pad 15 [GND] of U2 on F.Cu
    @(123.7550 mm, 91.2650 mm): Pad 20 [GND] of U2 on F.Cu
[unconnected_items]: Missing connection between items
    Local override; error
    @(123.9050 mm, 109.8345 mm): Pad 8 [GND] of D3 on F.Cu
    @(123.9050 mm, 110.6545 mm): Pad 3 [GND] of D3 on F.Cu
[unconnected_items]: Missing connection between items
    Local override; error
    @(123.9050 mm, 109.8345 mm): Pad 8 [GND] of D3 on F.Cu
    @(124.6550 mm, 106.6800 mm): PTH pad 3 [GND] of CN1
[unconnected_items]: Missing connection between items
    Local override; error
    @(126.4050 mm, 83.4150 mm): Pad 105 [GND] of U2 on F.Cu
    @(123.6250 mm, 84.5150 mm): Pad 7 [GND] of U2 on F.Cu
[unconnected_items]: Missing connection between items
    Local override; error
    @(126.4050 mm, 86.2650 mm): Pad 106 [GND] of U2 on F.Cu
    @(126.4050 mm, 89.1150 mm): Pad 107 [GND] of U2 on F.Cu
[unconnected_items]: Missing connection between items
    Local override; error
    @(126.5050 mm, 81.1450 mm): Pad 76 [GND] of U2 on F.Cu
    @(126.4050 mm, 83.4150 mm): Pad 105 [GND] of U2 on F.Cu
[unconnected_items]: Missing connection between items
    Local override; error
    @(126.5050 mm, 81.1450 mm): Pad 76 [GND] of U2 on F.Cu
    @(123.7550 mm, 81.2650 mm): Pad 1 [GND] of U2 on F.Cu
[unconnected_items]: Missing connection between items
    Local override; error
    @(126.5050 mm, 91.3850 mm): Pad 25 [GND] of U2 on F.Cu
    @(126.4050 mm, 89.1150 mm): Pad 107 [GND] of U2 on F.Cu
[unconnected_items]: Missing connection between items
    Local override; error
    @(126.5050 mm, 91.3850 mm): Pad 25 [GND] of U2 on F.Cu
    @(123.7550 mm, 91.2650 mm): Pad 20 [GND] of U2 on F.Cu
[unconnected_items]: Missing connection between items
    Local override; error
    @(129.0050 mm, 81.1450 mm): Pad 71 [GND] of U2 on F.Cu
    @(129.2550 mm, 82.6850 mm): Pad 112 [GND] of U2 on F.Cu
[unconnected_items]: Missing connection between items
    Local override; error
    @(129.0050 mm, 81.1450 mm): Pad 71 [GND] of U2 on F.Cu
    @(126.5050 mm, 81.1450 mm): Pad 76 [GND] of U2 on F.Cu
[unconnected_items]: Missing connection between items
    Local override; error
    @(129.0050 mm, 91.3850 mm): Pad 30 [GND] of U2 on F.Cu
    @(131.0050 mm, 91.3850 mm): Pad 34 [GND] of U2 on F.Cu
[unconnected_items]: Missing connection between items
    Local override; error
    @(129.0050 mm, 91.3850 mm): Pad 30 [GND] of U2 on F.Cu
    @(126.5050 mm, 91.3850 mm): Pad 25 [GND] of U2 on F.Cu
[unconnected_items]: Missing connection between items
    Local override; error
    @(129.2550 mm, 89.8450 mm): Pad 108 [GND] of U2 on F.Cu
    @(129.0050 mm, 91.3850 mm): Pad 30 [GND] of U2 on F.Cu
[unconnected_items]: Missing connection between items
    Local override; error
    @(131.0050 mm, 91.3850 mm): Pad 34 [GND] of U2 on F.Cu
    @(132.0050 mm, 91.3850 mm): Pad 36 [GND] of U2 on F.Cu
[unconnected_items]: Missing connection between items
    Local override; error
    @(131.3700 mm, 100.0650 mm): Pad A6 [GND] of U3 on F.Cu
    @(131.7900 mm, 100.0650 mm): Pad A7 [GND] of U3 on F.Cu
[unconnected_items]: Missing connection between items
    Local override; error
    @(131.5050 mm, 81.1450 mm): Pad 66 [GND] of U2 on F.Cu
    @(129.0050 mm, 81.1450 mm): Pad 71 [GND] of U2 on F.Cu
[unconnected_items]: Missing connection between items
    Local override; error
    @(131.7900 mm, 100.0650 mm): Pad A7 [GND] of U3 on F.Cu
    @(131.7900 mm, 101.8250 mm): Pad E7 [GND] of U3 on F.Cu
[unconnected_items]: Missing connection between items
    Local override; error
    @(131.7900 mm, 101.8250 mm): Pad E7 [GND] of U3 on F.Cu
    @(124.6550 mm, 106.6800 mm): PTH pad 3 [GND] of CN1
[unconnected_items]: Missing connection between items
    Local override; error
    @(132.0050 mm, 91.3850 mm): Pad 36 [GND] of U2 on F.Cu
    @(133.0050 mm, 91.3850 mm): Pad 38 [GND] of U2 on F.Cu
[unconnected_items]: Missing connection between items
    Local override; error
    @(132.0050 mm, 91.3850 mm): Pad 36 [GND] of U2 on F.Cu
    @(132.1050 mm, 89.1150 mm): Pad 109 [GND] of U2 on F.Cu
[unconnected_items]: Missing connection between items
    Local override; error
    @(132.1050 mm, 83.4150 mm): Pad 111 [GND] of U2 on F.Cu
    @(131.5050 mm, 81.1450 mm): Pad 66 [GND] of U2 on F.Cu
[unconnected_items]: Missing connection between items
    Local override; error
    @(132.1050 mm, 83.4150 mm): Pad 111 [GND] of U2 on F.Cu
    @(134.8850 mm, 84.0150 mm): Pad 55 [GND] of U2 on F.Cu
[unconnected_items]: Missing connection between items
    Local override; error
    @(132.1050 mm, 86.2650 mm): Pad 110 [GND] of U2 on F.Cu
    @(129.2550 mm, 86.2650 mm): Pad 113 [GND] of U2 on F.Cu
[unconnected_items]: Missing connection between items
    Local override; error
    @(133.0050 mm, 91.3850 mm): Pad 38 [GND] of U2 on F.Cu
    @(133.5050 mm, 91.3850 mm): Pad 39 [GND] of U2 on F.Cu
[unconnected_items]: Missing connection between items
    Local override; error
    @(133.5050 mm, 91.3850 mm): Pad 39 [GND] of U2 on F.Cu
    @(134.0050 mm, 91.3850 mm): Pad 40 [GND] of U2 on F.Cu
[unconnected_items]: Missing connection between items
    Local override; error
    @(133.8000 mm, 101.6100 mm): Pad 1 [GND] of U4 on F.Cu
    @(134.3000 mm, 99.8500 mm): Pad 9 [GND] of U4 on F.Cu
[unconnected_items]: Missing connection between items
    Local override; error
    @(133.8000 mm, 101.6100 mm): Pad 1 [GND] of U4 on F.Cu
    @(131.7900 mm, 101.8250 mm): Pad E7 [GND] of U3 on F.Cu
[unconnected_items]: Missing connection between items
    Local override; error
    @(133.8000 mm, 101.6100 mm): Pad 1 [GND] of U4 on F.Cu
    @(135.6400 mm, 105.3150 mm): Pad 2 [GND] of C17 on F.Cu
[unconnected_items]: Missing connection between items
    Local override; error
    @(134.0050 mm, 91.3850 mm): Pad 40 [GND] of U2 on F.Cu
    @(134.7550 mm, 91.2650 mm): Pad 41 [GND] of U2 on F.Cu
[unconnected_items]: Missing connection between items
    Local override; error
    @(134.8000 mm, 99.8500 mm): Pad 8 [GND] of U4 on F.Cu
    @(134.3000 mm, 99.8500 mm): Pad 9 [GND] of U4 on F.Cu
[unconnected_items]: Missing connection between items
    Local override; error
    @(134.8000 mm, 99.8500 mm): Pad 8 [GND] of U4 on F.Cu
    @(135.4500 mm, 95.7050 mm): PTH pad 1 [GND] of U9
[unconnected_items]: Missing connection between items
    Local override; error
    @(134.8850 mm, 84.0150 mm): Pad 55 [GND] of U2 on F.Cu
    @(134.8850 mm, 86.0150 mm): Pad 51 [GND] of U2 on F.Cu
[unconnected_items]: Missing connection between items
    Local override; error
    @(134.8850 mm, 84.0150 mm): Pad 55 [GND] of U2 on F.Cu
    @(134.7550 mm, 81.2650 mm): Pad 60 [GND] of U2 on F.Cu
[unconnected_items]: Missing connection between items
    Local override; error
    @(134.8850 mm, 86.0150 mm): Pad 51 [GND] of U2 on F.Cu
    @(132.1050 mm, 86.2650 mm): Pad 110 [GND] of U2 on F.Cu
[unconnected_items]: Missing connection between items
    Local override; error
    @(134.8850 mm, 88.5150 mm): Pad 46 [GND] of U2 on F.Cu
    @(134.8850 mm, 86.0150 mm): Pad 51 [GND] of U2 on F.Cu
[unconnected_items]: Missing connection between items
    Local override; error
    @(134.8850 mm, 90.0150 mm): Pad 43 [GND] of U2 on F.Cu
    @(134.7550 mm, 91.2650 mm): Pad 41 [GND] of U2 on F.Cu
[unconnected_items]: Missing connection between items
    Local override; error
    @(134.8850 mm, 90.0150 mm): Pad 43 [GND] of U2 on F.Cu
    @(134.8850 mm, 88.5150 mm): Pad 46 [GND] of U2 on F.Cu
[unconnected_items]: Missing connection between items
    Local override; error
    @(135.4500 mm, 95.7050 mm): PTH pad 1 [GND] of U9
    @(134.7550 mm, 91.2650 mm): Pad 41 [GND] of U2 on F.Cu
[unconnected_items]: Missing connection between items
    Local override; error
    @(135.6400 mm, 109.5650 mm): Pad 2 [GND] of C19 on F.Cu
    @(138.1000 mm, 109.4100 mm): PTH pad 13 [GND] of USB1
[unconnected_items]: Missing connection between items
    Local override; error
    @(138.1000 mm, 105.2000 mm): PTH pad 13 [GND] of USB1
    @(135.6400 mm, 105.3150 mm): Pad 2 [GND] of C17 on F.Cu
[unconnected_items]: Missing connection between items
    Local override; error
    @(138.1000 mm, 109.4100 mm): PTH pad 13 [GND] of USB1
    @(138.1000 mm, 105.2000 mm): PTH pad 13 [GND] of USB1
[unconnected_items]: Missing connection between items
    Local override; error
    @(139.2200 mm, 104.6500 mm): Pad A1B12 [GND] of USB1 on F.Cu
    @(138.1000 mm, 105.2000 mm): PTH pad 13 [GND] of USB1
[unconnected_items]: Missing connection between items
    Local override; error
    @(139.5250 mm, 95.8250 mm): Pad B3 [GND] of U1 on F.Cu
    @(140.0250 mm, 95.8250 mm): Pad B5 [GND] of U1 on F.Cu
[unconnected_items]: Missing connection between items
    Local override; error
    @(139.5250 mm, 95.8250 mm): Pad B3 [GND] of U1 on F.Cu
    @(135.4500 mm, 95.7050 mm): PTH pad 1 [GND] of U9
[unconnected_items]: Missing connection between items
    Local override; error
    @(140.5250 mm, 95.8250 mm): Pad B7 [GND] of U1 on F.Cu
    @(140.0250 mm, 95.8250 mm): Pad B5 [GND] of U1 on F.Cu
[unconnected_items]: Missing connection between items
    Local override; error
    @(140.5250 mm, 95.8250 mm): Pad B7 [GND] of U1 on F.Cu
    @(142.0250 mm, 98.5750 mm): Pad EP [GND] of U1 on F.Cu
[unconnected_items]: Missing connection between items
    Local override; error
    @(144.7750 mm, 97.0750 mm): Pad F23 [GND] of U1 on F.Cu
    @(142.0250 mm, 98.5750 mm): Pad EP [GND] of U1 on F.Cu
[unconnected_items]: Missing connection between items
    Local override; error
    @(145.6200 mm, 104.6500 mm): Pad B1A12 [GND] of USB1 on F.Cu
    @(139.2200 mm, 104.6500 mm): Pad A1B12 [GND] of USB1 on F.Cu
[unconnected_items]: Missing connection between items
    Local override; error
    @(146.7400 mm, 105.2000 mm): PTH pad 14 [GND] of USB1
    @(145.6200 mm, 104.6500 mm): Pad B1A12 [GND] of USB1 on F.Cu
[unconnected_items]: Missing connection between items
    Local override; error
    @(146.7400 mm, 105.2000 mm): PTH pad 14 [GND] of USB1
    @(151.5650 mm, 104.5000 mm): Pad 3 [GND] of U14 on F.Cu
[unconnected_items]: Missing connection between items
    Local override; error
    @(146.7400 mm, 109.4100 mm): PTH pad 14 [GND] of USB1
    @(146.7400 mm, 105.2000 mm): PTH pad 14 [GND] of USB1
[unconnected_items]: Missing connection between items
    Local override; error
    @(150.0150 mm, 84.0750 mm): Pad 1 [GND] of C7 on F.Cu
    @(151.9150 mm, 87.0850 mm): Pad 2 [GND] of C9 on F.Cu
[unconnected_items]: Missing connection between items
    Local override; error
    @(151.5650 mm, 97.2000 mm): Pad 3 [GND] of U11 on F.Cu
    @(152.8350 mm, 97.2000 mm): Pad 5 [GND] of U11 on F.Cu
[unconnected_items]: Missing connection between items
    Local override; error
    @(151.5650 mm, 104.5000 mm): Pad 3 [GND] of U14 on F.Cu
    @(152.8350 mm, 104.5000 mm): Pad 5 [GND] of U14 on F.Cu
[unconnected_items]: Missing connection between items
    Local override; error
    @(151.9150 mm, 87.0850 mm): Pad 2 [GND] of C9 on F.Cu
    @(151.9150 mm, 90.0950 mm): Pad 2 [GND] of C16 on F.Cu
[unconnected_items]: Missing connection between items
    Local override; error
    @(153.5950 mm, 107.8500 mm): Pad 1 [GND] of D5 on F.Cu
    @(152.8350 mm, 104.5000 mm): Pad 5 [GND] of U14 on F.Cu
[unconnected_items]: Missing connection between items
    Local override; error
    @(154.9250 mm, 74.5650 mm): PTH pad 9 [GND] of U5
    @(152.7000 mm, 73.9600 mm): Pad 1 [GND] of U5 on F.Cu
[unconnected_items]: Missing connection between items
    Local override; error
    @(155.3750 mm, 97.2000 mm): Pad 9 [GND] of U11 on F.Cu
    @(152.8350 mm, 97.2000 mm): Pad 5 [GND] of U11 on F.Cu
[unconnected_items]: Missing connection between items
    Local override; error
    @(155.3750 mm, 104.5000 mm): Pad 9 [GND] of U14 on F.Cu
    @(152.8350 mm, 104.5000 mm): Pad 5 [GND] of U14 on F.Cu
[unconnected_items]: Missing connection between items
    Local override; error
    @(156.2250 mm, 74.5650 mm): PTH pad 9 [GND] of U5
    @(157.9450 mm, 67.9650 mm): Pad 2 [GND] of U6 on F.Cu
[unconnected_items]: Missing connection between items
    Local override; error
    @(156.2250 mm, 75.8650 mm): PTH pad 9 [GND] of U5
    @(158.4500 mm, 75.2300 mm): Pad 7 [GND] of U5 on F.Cu
[unconnected_items]: Missing connection between items
    Local override; error
    @(156.3650 mm, 84.0750 mm): Pad 2 [GND] of C18 on F.Cu
    @(156.2250 mm, 77.1650 mm): PTH pad 9 [GND] of U5
[unconnected_items]: Missing connection between items
    Local override; error
    @(156.3650 mm, 87.0850 mm): Pad 2 [GND] of C20 on F.Cu
    @(158.9150 mm, 87.0850 mm): Pad 1 [GND] of C23 on F.Cu
[unconnected_items]: Missing connection between items
    Local override; error
    @(156.3650 mm, 87.0850 mm): Pad 2 [GND] of C20 on F.Cu
    @(156.3650 mm, 84.0750 mm): Pad 2 [GND] of C18 on F.Cu
[unconnected_items]: Missing connection between items
    Local override; error
    @(156.3650 mm, 87.0850 mm): Pad 2 [GND] of C20 on F.Cu
    @(151.9150 mm, 87.0850 mm): Pad 2 [GND] of C9 on F.Cu
[unconnected_items]: Missing connection between items
    Local override; error
    @(156.3650 mm, 90.0950 mm): Pad 2 [GND] of C21 on F.Cu
    @(156.3650 mm, 87.0850 mm): Pad 2 [GND] of C20 on F.Cu
[unconnected_items]: Missing connection between items
    Local override; error
    @(157.7450 mm, 100.4650 mm): Pad 1 [GND] of C8 on F.Cu
    @(158.7550 mm, 102.4450 mm): Pad 2 [GND] of R1 on F.Cu
[unconnected_items]: Missing connection between items
    Local override; error
    @(157.9450 mm, 67.9650 mm): Pad 2 [GND] of U6 on F.Cu
    @(157.9450 mm, 65.0250 mm): Pad 3 [GND] of U6 on F.Cu
[unconnected_items]: Missing connection between items
    Local override; error
    @(158.7050 mm, 96.5250 mm): Pad 2 [GND] of C5 on F.Cu
    @(160.6150 mm, 96.5250 mm): Pad 1 [GND] of C12 on F.Cu
[unconnected_items]: Missing connection between items
    Local override; error
    @(158.7050 mm, 96.5250 mm): Pad 2 [GND] of C5 on F.Cu
    @(157.7450 mm, 94.5550 mm): Pad 1 [GND] of C2 on F.Cu
[unconnected_items]: Missing connection between items
    Local override; error
    @(158.7050 mm, 96.5250 mm): Pad 2 [GND] of C5 on F.Cu
    @(155.3750 mm, 97.2000 mm): Pad 9 [GND] of U11 on F.Cu
[unconnected_items]: Missing connection between items
    Local override; error
    @(158.7050 mm, 98.4950 mm): Pad 2 [GND] of C6 on F.Cu
    @(158.7050 mm, 96.5250 mm): Pad 2 [GND] of C5 on F.Cu
[unconnected_items]: Missing connection between items
    Local override; error
    @(158.7050 mm, 98.4950 mm): Pad 2 [GND] of C6 on F.Cu
    @(157.7450 mm, 100.4650 mm): Pad 1 [GND] of C8 on F.Cu
[unconnected_items]: Missing connection between items
    Local override; error
    @(158.7550 mm, 104.4350 mm): Pad 2 [GND] of R2 on F.Cu
    @(158.7550 mm, 102.4450 mm): Pad 2 [GND] of R1 on F.Cu
[unconnected_items]: Missing connection between items
    Local override; error
    @(158.7550 mm, 104.4350 mm): Pad 2 [GND] of R2 on F.Cu
    @(155.3750 mm, 104.5000 mm): Pad 9 [GND] of U14 on F.Cu
[unconnected_items]: Missing connection between items
    Local override; error
    @(158.9150 mm, 87.0850 mm): Pad 1 [GND] of C23 on F.Cu
    @(160.8150 mm, 84.0750 mm): Pad 2 [GND] of C22 on F.Cu
[unconnected_items]: Missing connection between items
    Local override; error
    @(160.6150 mm, 94.5550 mm): Pad 1 [GND] of C11 on F.Cu
    @(161.5750 mm, 92.5850 mm): Pad 2 [GND] of C10 on F.Cu
[unconnected_items]: Missing connection between items
    Local override; error
    @(160.6150 mm, 96.5250 mm): Pad 1 [GND] of C12 on F.Cu
    @(161.5750 mm, 96.5250 mm): Pad 2 [GND] of C12 on F.Cu
[unconnected_items]: Missing connection between items
    Local override; error
    @(160.6150 mm, 96.5250 mm): Pad 1 [GND] of C12 on F.Cu
    @(160.6150 mm, 94.5550 mm): Pad 1 [GND] of C11 on F.Cu
[unconnected_items]: Missing connection between items
    Local override; error
    @(160.6150 mm, 98.4950 mm): Pad 1 [GND] of C13 on F.Cu
    @(158.7050 mm, 98.4950 mm): Pad 2 [GND] of C6 on F.Cu
[unconnected_items]: Missing connection between items
    Local override; error
    @(160.6150 mm, 100.4650 mm): Pad 1 [GND] of C15 on F.Cu
    @(160.6150 mm, 98.4950 mm): Pad 1 [GND] of C13 on F.Cu
[unconnected_items]: Missing connection between items
    Local override; error
    @(160.8150 mm, 90.0950 mm): Pad 2 [GND] of C28 on F.Cu
    @(161.5750 mm, 92.5850 mm): Pad 2 [GND] of C10 on F.Cu
[unconnected_items]: Missing connection between items
    Local override; error
    @(160.8150 mm, 90.0950 mm): Pad 2 [GND] of C28 on F.Cu
    @(158.9150 mm, 87.0850 mm): Pad 1 [GND] of C23 on F.Cu
[unconnected_items]: Missing connection between items
    Local override; error
    @(161.6650 mm, 106.4250 mm): Pad 2 [GND] of R20 on F.Cu
    @(158.7550 mm, 104.4350 mm): Pad 2 [GND] of R2 on F.Cu
[unconnected_items]: Missing connection between items
    Local override; error
    @(161.6650 mm, 106.4250 mm): Pad 2 [GND] of R20 on F.Cu
    @(161.6650 mm, 110.4050 mm): Pad 2 [GND] of R22 on F.Cu
[unconnected_items]: Missing connection between items
    Local override; error
    @(161.6650 mm, 110.4050 mm): Pad 2 [GND] of R22 on F.Cu
    @(161.6650 mm, 112.3950 mm): Pad 2 [GND] of R25 on F.Cu
[unconnected_items]: Missing connection between items
    Local override; error
    @(162.5150 mm, 65.0250 mm): Pad 3 [GND] of U10 on F.Cu
    @(162.5150 mm, 67.9650 mm): Pad 2 [GND] of U10 on F.Cu
[unconnected_items]: Missing connection between items
    Local override; error
    @(162.5150 mm, 67.9650 mm): Pad 2 [GND] of U10 on F.Cu
    @(157.9450 mm, 67.9650 mm): Pad 2 [GND] of U6 on F.Cu
[unconnected_items]: Missing connection between items
    Local override; error
    @(162.5150 mm, 67.9650 mm): Pad 2 [GND] of U10 on F.Cu
    @(167.5400 mm, 69.3450 mm): Pad 2 [GND] of Q2 on F.Cu
[unconnected_items]: Missing connection between items
    Local override; error
    @(163.4850 mm, 94.5550 mm): Pad 1 [GND] of C25 on F.Cu
    @(163.4850 mm, 96.5250 mm): Pad 1 [GND] of C26 on F.Cu
[unconnected_items]: Missing connection between items
    Local override; error
    @(163.4850 mm, 96.5250 mm): Pad 1 [GND] of C26 on F.Cu
    @(161.5750 mm, 96.5250 mm): Pad 2 [GND] of C12 on F.Cu
[unconnected_items]: Missing connection between items
    Local override; error
    @(163.4850 mm, 100.4650 mm): Pad 1 [GND] of C29 on F.Cu
    @(164.4450 mm, 98.4950 mm): Pad 2 [GND] of C27 on F.Cu
[unconnected_items]: Missing connection between items
    Local override; error
    @(164.4450 mm, 92.5850 mm): Pad 2 [GND] of C24 on F.Cu
    @(166.3550 mm, 92.5850 mm): Pad 1 [GND] of C30 on F.Cu
[unconnected_items]: Missing connection between items
    Local override; error
    @(164.4450 mm, 98.4950 mm): Pad 2 [GND] of C27 on F.Cu
    @(163.4850 mm, 96.5250 mm): Pad 1 [GND] of C26 on F.Cu
[unconnected_items]: Missing connection between items
    Local override; error
    @(164.6400 mm, 83.8450 mm): Pad 1 [GND] of U8 on F.Cu
    @(160.8150 mm, 84.0750 mm): Pad 2 [GND] of C22 on F.Cu
[unconnected_items]: Missing connection between items
    Local override; error
    @(164.6400 mm, 83.8450 mm): Pad 1 [GND] of U8 on F.Cu
    @(168.0675 mm, 80.9850 mm): Pad 2 [GND] of Q3 on F.Cu
[unconnected_items]: Missing connection between items
    Local override; error
    @(165.5250 mm, 78.9000 mm): Pad 2 [GND] of SW1 on F.Cu
    @(168.0675 mm, 80.9850 mm): Pad 2 [GND] of Q3 on F.Cu
[unconnected_items]: Missing connection between items
    Local override; error
    @(166.3550 mm, 92.5850 mm): Pad 1 [GND] of C30 on F.Cu
    @(166.3550 mm, 94.5550 mm): Pad 1 [GND] of C31 on F.Cu
[unconnected_items]: Missing connection between items
    Local override; error
    @(166.3550 mm, 94.5550 mm): Pad 1 [GND] of C31 on F.Cu
    @(170.7400 mm, 94.9360 mm): Pad 2 [GND] of U12 on F.Cu
[unconnected_items]: Missing connection between items
    Local override; error
    @(166.3550 mm, 96.5250 mm): Pad 1 [GND] of C32 on F.Cu
    @(166.3550 mm, 98.4950 mm): Pad 1 [GND] of C33 on F.Cu
[unconnected_items]: Missing connection between items
    Local override; error
    @(166.3550 mm, 96.5250 mm): Pad 1 [GND] of C32 on F.Cu
    @(166.3550 mm, 94.5550 mm): Pad 1 [GND] of C31 on F.Cu
[unconnected_items]: Missing connection between items
    Local override; error
    @(166.3550 mm, 98.4950 mm): Pad 1 [GND] of C33 on F.Cu
    @(164.4450 mm, 98.4950 mm): Pad 2 [GND] of C27 on F.Cu
[unconnected_items]: Missing connection between items
    Local override; error
    @(166.3550 mm, 100.4650 mm): Pad 1 [GND] of C35 on F.Cu
    @(166.3550 mm, 98.4950 mm): Pad 1 [GND] of C33 on F.Cu
[unconnected_items]: Missing connection between items
    Local override; error
    @(167.5400 mm, 69.3450 mm): Pad 2 [GND] of Q2 on F.Cu
    @(172.2400 mm, 65.7650 mm): Pad 2 [GND] of U7 on F.Cu
[unconnected_items]: Missing connection between items
    Local override; error
    @(170.7400 mm, 94.9360 mm): Pad 2 [GND] of U12 on F.Cu
    @(170.7400 mm, 99.3080 mm): Pad 2 [GND] of U13 on F.Cu
[unconnected_items]: Missing connection between items
    Local override; error
    @(171.8450 mm, 73.3250 mm): Pad 2 [GND] of C_ANT1 on F.Cu
    @(167.5400 mm, 69.3450 mm): Pad 2 [GND] of Q2 on F.Cu
[unconnected_items]: Missing connection between items
    Local override; error
    @(171.8450 mm, 74.9750 mm): Pad 2 [GND] of C_ANT2 on F.Cu
    @(171.8450 mm, 73.3250 mm): Pad 2 [GND] of C_ANT1 on F.Cu
[unconnected_items]: Missing connection between items
    Local override; error
    @(144.7750 mm, 95.3250 mm): Pad A23 [Net-(U1-XC2)] of U1 on F.Cu
    @(167.3150 mm, 100.4650 mm): Pad 2 [Net-(U1-XC2)] of C35 on F.Cu
[unconnected_items]: Missing connection between items
    Local override; error
    @(167.3150 mm, 100.4650 mm): Pad 2 [Net-(U1-XC2)] of C35 on F.Cu
    @(170.0650 mm, 70.4650 mm): Pad 1 [Net-(U1-XC2)] of Y1 on F.Cu
[unconnected_items]: Missing connection between items
    Local override; error
    @(134.8850 mm, 84.5150 mm): Pad 54 [Net-(U2-COEX2)] of U2 on F.Cu
    @(160.6450 mm, 112.3950 mm): Pad 1 [Net-(U2-COEX2)] of R25 on F.Cu
[unconnected_items]: Missing connection between items
    Local override; error
    @(144.0250 mm, 101.3250 mm): Pad AC21 [/SIREN_PWM_INVERTED] of U1 on F.Cu
    @(152.7000 mm, 75.2300 mm): Pad 2 [/SIREN_PWM_INVERTED] of U5 on F.Cu
[unconnected_items]: Missing connection between items
    Local override; error
    @(143.7750 mm, 101.8250 mm): Pad AD20 [/SIREN_PWM] of U1 on F.Cu
    @(152.7000 mm, 76.5000 mm): Pad 3 [/SIREN_PWM] of U5 on F.Cu
[unconnected_items]: Missing connection between items
    Local override; error
    @(158.4500 mm, 77.7700 mm): Pad 5 [+15V] of U5 on F.Cu
    @(160.6450 mm, 108.4150 mm): Pad 1 [+15V] of R21 on F.Cu
[unconnected_items]: Missing connection between items
    Local override; error
    @(160.6450 mm, 108.4150 mm): Pad 1 [+15V] of R21 on F.Cu
    @(167.0200 mm, 111.4750 mm): Pad 1 [+15V] of D15 on F.Cu
[unconnected_items]: Missing connection between items
    Local override; error
    @(160.6450 mm, 108.4150 mm): Pad 1 [+15V] of R21 on F.Cu
    @(132.6900 mm, 109.5650 mm): Pad 1 [+15V] of C19 on F.Cu
[unconnected_items]: Missing connection between items
    Local override; error
    @(141.4250 mm, 76.1500 mm): Pad 1 [Net-(J2-Pin_1)] of J2 on F.Cu
    @(158.4500 mm, 76.5000 mm): Pad 6 [Net-(J2-Pin_1)] of U5 on F.Cu
[unconnected_items]: Missing connection between items
    Local override; error
    @(146.4250 mm, 76.1500 mm): Pad 3 [Net-(J2-Pin_3)] of J2 on F.Cu
    @(158.4500 mm, 73.9600 mm): Pad 8 [Net-(J2-Pin_3)] of U5 on F.Cu
[unconnected_items]: Missing connection between items
    Local override; error
    @(129.2700 mm, 101.8250 mm): Pad E1 [Net-(U3-VSET2)] of U3 on F.Cu
    @(157.7350 mm, 104.4350 mm): Pad 1 [Net-(U3-VSET2)] of R2 on F.Cu
[unconnected_items]: Missing connection between items
    Local override; error
    @(138.7750 mm, 96.3250 mm): Pad C1 [Net-(U1-DEC1)] of U1 on F.Cu
    @(158.7050 mm, 100.4650 mm): Pad 2 [Net-(U1-DEC1)] of C8 on F.Cu
[unconnected_items]: Missing connection between items
    Local override; error
    @(142.5250 mm, 101.3250 mm): Pad AC15 [/ACC_SDA] of U1 on F.Cu
    @(134.3000 mm, 101.6100 mm): Pad 2 [/ACC_SDA] of U4 on F.Cu
[unconnected_items]: Missing connection between items
    Local override; error
    @(164.5750 mm, 102.4450 mm): Pad 2 [/ACC_SDA] of R26 on F.Cu
    @(142.5250 mm, 101.3250 mm): Pad AC15 [/ACC_SDA] of U1 on F.Cu
[unconnected_items]: Missing connection between items
    Local override; error
    @(128.5050 mm, 91.3850 mm): Pad 29 [+1V8] of U2 on F.Cu
    @(131.3700 mm, 100.5050 mm): Pad B6 [+1V8] of U3 on F.Cu
[unconnected_items]: Missing connection between items
    Local override; error
    @(130.5300 mm, 101.8250 mm): Pad E4 [+1V8] of U3 on F.Cu
    @(131.3700 mm, 100.5050 mm): Pad B6 [+1V8] of U3 on F.Cu
[unconnected_items]: Missing connection between items
    Local override; error
    @(131.3700 mm, 100.5050 mm): Pad B6 [+1V8] of U3 on F.Cu
    @(133.8000 mm, 99.8500 mm): Pad 10 [+1V8] of U4 on F.Cu
[unconnected_items]: Missing connection between items
    Local override; error
    @(133.8000 mm, 99.8500 mm): Pad 10 [+1V8] of U4 on F.Cu
    @(135.3000 mm, 99.8500 mm): Pad 7 [+1V8] of U4 on F.Cu
[unconnected_items]: Missing connection between items
    Local override; error
    @(134.8000 mm, 101.6100 mm): Pad 3 [+1V8] of U4 on F.Cu
    @(135.3000 mm, 99.8500 mm): Pad 7 [+1V8] of U4 on F.Cu
[unconnected_items]: Missing connection between items
    Local override; error
    @(138.7750 mm, 95.8250 mm): Pad B1 [+1V8] of U1 on F.Cu
    @(138.7750 mm, 100.3250 mm): Pad W1 [+1V8] of U1 on F.Cu
[unconnected_items]: Missing connection between items
    Local override; error
    @(138.7750 mm, 95.8250 mm): Pad B1 [+1V8] of U1 on F.Cu
    @(144.2750 mm, 95.3250 mm): Pad A22 [+1V8] of U1 on F.Cu
[unconnected_items]: Missing connection between items
    Local override; error
    @(138.7750 mm, 100.3250 mm): Pad W1 [+1V8] of U1 on F.Cu
    @(135.3000 mm, 99.8500 mm): Pad 7 [+1V8] of U4 on F.Cu
[unconnected_items]: Missing connection between items
    Local override; error
    @(139.2750 mm, 100.5750 mm): Pad Y2 [+1V8] of U1 on F.Cu
    @(138.7750 mm, 100.3250 mm): Pad W1 [+1V8] of U1 on F.Cu
[unconnected_items]: Missing connection between items
    Local override; error
    @(142.2750 mm, 101.8250 mm): Pad AD14 [+1V8] of U1 on F.Cu
    @(139.2750 mm, 100.5750 mm): Pad Y2 [+1V8] of U1 on F.Cu
[unconnected_items]: Missing connection between items
    Local override; error
    @(144.7750 mm, 101.8250 mm): Pad AD23 [+1V8] of U1 on F.Cu
    @(142.2750 mm, 101.8250 mm): Pad AD14 [+1V8] of U1 on F.Cu
[unconnected_items]: Missing connection between items
    Local override; error
    @(151.5750 mm, 111.3850 mm): Pad 4 [+1V8] of LED2 on F.Cu
    @(158.7550 mm, 108.4150 mm): Pad 2 [+1V8] of R4 on F.Cu
[unconnected_items]: Missing connection between items
    Local override; error
    @(151.5750 mm, 111.3850 mm): Pad 4 [+1V8] of LED2 on F.Cu
    @(144.7750 mm, 101.8250 mm): Pad AD23 [+1V8] of U1 on F.Cu
[unconnected_items]: Missing connection between items
    Local override; error
    @(151.9150 mm, 84.0750 mm): Pad 2 [+1V8] of C7 on F.Cu
    @(164.2250 mm, 75.1550 mm): Pad 1 [+1V8] of L4 on F.Cu
[unconnected_items]: Missing connection between items
    Local override; error
    @(158.7050 mm, 94.5550 mm): Pad 2 [+1V8] of C2 on F.Cu
    @(157.7450 mm, 98.4950 mm): Pad 1 [+1V8] of C6 on F.Cu
[unconnected_items]: Missing connection between items
    Local override; error
    @(158.7050 mm, 94.5550 mm): Pad 2 [+1V8] of C2 on F.Cu
    @(151.9150 mm, 84.0750 mm): Pad 2 [+1V8] of C7 on F.Cu
[unconnected_items]: Missing connection between items
    Local override; error
    @(158.7550 mm, 106.4250 mm): Pad 2 [+1V8] of R3 on F.Cu
    @(163.5550 mm, 104.4350 mm): Pad 1 [+1V8] of R27 on F.Cu
[unconnected_items]: Missing connection between items
    Local override; error
    @(158.7550 mm, 108.4150 mm): Pad 2 [+1V8] of R4 on F.Cu
    @(158.7550 mm, 106.4250 mm): Pad 2 [+1V8] of R3 on F.Cu
[unconnected_items]: Missing connection between items
    Local override; error
    @(163.5550 mm, 102.4450 mm): Pad 1 [+1V8] of R26 on F.Cu
    @(163.5550 mm, 104.4350 mm): Pad 1 [+1V8] of R27 on F.Cu
[unconnected_items]: Missing connection between items
    Local override; error
    @(163.5550 mm, 102.4450 mm): Pad 1 [+1V8] of R26 on F.Cu
    @(167.3150 mm, 96.5250 mm): Pad 2 [+1V8] of C32 on F.Cu
[unconnected_items]: Missing connection between items
    Local override; error
    @(163.5550 mm, 102.4450 mm): Pad 1 [+1V8] of R26 on F.Cu
    @(157.7450 mm, 98.4950 mm): Pad 1 [+1V8] of C6 on F.Cu
[unconnected_items]: Missing connection between items
    Local override; error
    @(167.3150 mm, 96.5250 mm): Pad 2 [+1V8] of C32 on F.Cu
    @(167.3150 mm, 92.5850 mm): Pad 2 [+1V8] of C30 on F.Cu
[unconnected_items]: Missing connection between items
    Local override; error
    @(135.4300 mm, 100.9800 mm): Pad 5 [/ACC_INT1] of U4 on F.Cu
    @(143.0250 mm, 101.3250 mm): Pad AC17 [/ACC_INT1] of U1 on F.Cu
[unconnected_items]: Missing connection between items
    Local override; error
    @(135.4300 mm, 100.4800 mm): Pad 6 [/ACC_INT2] of U4 on F.Cu
    @(143.2750 mm, 101.8250 mm): Pad AD18 [/ACC_INT2] of U1 on F.Cu
[unconnected_items]: Missing connection between items
    Local override; error
    @(142.7750 mm, 101.8250 mm): Pad AD16 [/ACC_SCL] of U1 on F.Cu
    @(133.6700 mm, 100.9800 mm): Pad 12 [/ACC_SCL] of U4 on F.Cu
[unconnected_items]: Missing connection between items
    Local override; error
    @(164.5750 mm, 104.4350 mm): Pad 2 [/ACC_SCL] of R27 on F.Cu
    @(142.7750 mm, 101.8250 mm): Pad AD16 [/ACC_SCL] of U1 on F.Cu
[unconnected_items]: Missing connection between items
    Local override; error
    @(158.9150 mm, 90.0950 mm): Pad 1 [/ALARM_LS] of C28 on F.Cu
    @(130.9500 mm, 100.0650 mm): Pad A5 [/ALARM_LS] of U3 on F.Cu
[unconnected_items]: Missing connection between items
    Local override; error
    @(171.6900 mm, 92.6360 mm): Pad 4 [/ALARM_LS] of U12 on F.Cu
    @(158.9150 mm, 90.0950 mm): Pad 1 [/ALARM_LS] of C28 on F.Cu
[unconnected_items]: Missing connection between items
    Local override; error
    @(171.6900 mm, 97.0080 mm): Pad 4 [/ALARM_LS] of U13 on F.Cu
    @(171.6900 mm, 92.6360 mm): Pad 4 [/ALARM_LS] of U12 on F.Cu
[unconnected_items]: Missing connection between items
    Local override; error
    @(123.6250 mm, 86.0150 mm): Pad 10 [/VSYS] of U2 on F.Cu
    @(123.6250 mm, 88.0150 mm): Pad 14 [/VSYS] of U2 on F.Cu
[unconnected_items]: Missing connection between items
    Local override; error
    @(123.6250 mm, 88.0150 mm): Pad 14 [/VSYS] of U2 on F.Cu
    @(129.2700 mm, 100.9450 mm): Pad C1 [/VSYS] of U3 on F.Cu
[unconnected_items]: Missing connection between items
    Local override; error
    @(129.6900 mm, 100.9450 mm): Pad C2 [/VSYS] of U3 on F.Cu
    @(129.2700 mm, 100.9450 mm): Pad C1 [/VSYS] of U3 on F.Cu
[unconnected_items]: Missing connection between items
    Local override; error
    @(129.6900 mm, 100.9450 mm): Pad C2 [/VSYS] of U3 on F.Cu
    @(131.7900 mm, 100.9450 mm): Pad C7 [/VSYS] of U3 on F.Cu
[unconnected_items]: Missing connection between items
    Local override; error
    @(131.7900 mm, 100.9450 mm): Pad C7 [/VSYS] of U3 on F.Cu
    @(151.5750 mm, 108.1750 mm): Pad 4 [/VSYS] of LED1 on F.Cu
[unconnected_items]: Missing connection between items
    Local override; error
    @(154.4650 mm, 87.0850 mm): Pad 1 [/VSYS] of C20 on F.Cu
    @(154.4650 mm, 90.0950 mm): Pad 1 [/VSYS] of C21 on F.Cu
[unconnected_items]: Missing connection between items
    Local override; error
    @(154.4650 mm, 87.0850 mm): Pad 1 [/VSYS] of C20 on F.Cu
    @(158.9150 mm, 84.0750 mm): Pad 1 [/VSYS] of C22 on F.Cu
[unconnected_items]: Missing connection between items
    Local override; error
    @(154.4650 mm, 90.0950 mm): Pad 1 [/VSYS] of C21 on F.Cu
    @(151.5750 mm, 108.1750 mm): Pad 4 [/VSYS] of LED1 on F.Cu
[unconnected_items]: Missing connection between items
    Local override; error
    @(143.2750 mm, 95.3250 mm): Pad A18 [Net-(U1-DEC2)] of U1 on F.Cu
    @(145.2750 mm, 96.8250 mm): Pad E24 [Net-(U1-DEC2)] of U1 on F.Cu
[unconnected_items]: Missing connection between items
    Local override; error
    @(145.2750 mm, 96.8250 mm): Pad E24 [Net-(U1-DEC2)] of U1 on F.Cu
    @(167.3150 mm, 98.4950 mm): Pad 2 [Net-(U1-DEC2)] of C33 on F.Cu
[unconnected_items]: Missing connection between items
    Local override; error
    @(126.6550 mm, 106.6800 mm): PTH pad 2 [/NTC] of CN1
    @(130.1100 mm, 101.3850 mm): Pad D3 [/NTC] of U3 on F.Cu
[unconnected_items]: Missing connection between items
    Local override; error
    @(169.9425 mm, 80.0350 mm): Pad 3 [Net-(D13-A)] of Q3 on F.Cu
    @(144.1400 mm, 90.8050 mm): Pad 2 [Net-(D13-A)] of J1 on F.Cu
[unconnected_items]: Missing connection between items
    Local override; error
    @(171.4200 mm, 103.4550 mm): Pad 2 [Net-(D13-A)] of D13 on F.Cu
    @(169.9425 mm, 80.0350 mm): Pad 3 [Net-(D13-A)] of Q3 on F.Cu
[unconnected_items]: Missing connection between items
    Local override; error
    @(154.4650 mm, 84.0750 mm): Pad 1 [Net-(U13-IN)] of C18 on F.Cu
    @(123.3000 mm, 100.5150 mm): Pad 1 [Net-(U13-IN)] of L3 on F.Cu
[unconnected_items]: Missing connection between items
    Local override; error
    @(170.7400 mm, 97.0080 mm): Pad 5 [Net-(U13-IN)] of U13 on F.Cu
    @(154.4650 mm, 84.0750 mm): Pad 1 [Net-(U13-IN)] of C18 on F.Cu
[unconnected_items]: Missing connection between items
    Local override; error
    @(145.2750 mm, 95.8250 mm): Pad B24 [Net-(U1-XC1)] of U1 on F.Cu
    @(163.4850 mm, 98.4950 mm): Pad 1 [Net-(U1-XC1)] of C27 on F.Cu
[unconnected_items]: Missing connection between items
    Local override; error
    @(163.4850 mm, 98.4950 mm): Pad 1 [Net-(U1-XC1)] of C27 on F.Cu
    @(171.4650 mm, 70.4650 mm): Pad 2 [Net-(U1-XC1)] of Y1 on F.Cu
[unconnected_items]: Missing connection between items
    Local override; error
    @(145.2750 mm, 100.3250 mm): Pad W24 [/Solenoid] of U1 on F.Cu
    @(160.6450 mm, 102.4450 mm): Pad 1 [/Solenoid] of R18 on F.Cu
[unconnected_items]: Missing connection between items
    Local override; error
    @(161.6650 mm, 102.4450 mm): Pad 2 [Net-(Q3-G)] of R18 on F.Cu
    @(168.0675 mm, 79.0850 mm): Pad 1 [Net-(Q3-G)] of Q3 on F.Cu
[unconnected_items]: Missing connection between items
    Local override; error
    @(138.6000 mm, 70.3750 mm): Pad 2 [Net-(D1-K)] of D4 on F.Cu
    @(140.6000 mm, 66.1250 mm): Pad 1 [Net-(D1-K)] of D1 on F.Cu
[unconnected_items]: Missing connection between items
    Local override; error
    @(169.7900 mm, 94.9360 mm): Pad 1 [Net-(D14-A)] of U12 on F.Cu
    @(126.5000 mm, 95.1650 mm): Pad 2 [Net-(D14-A)] of L2 on F.Cu
[unconnected_items]: Missing connection between items
    Local override; error
    @(171.4200 mm, 107.4650 mm): Pad 2 [Net-(D14-A)] of D14 on F.Cu
    @(169.7900 mm, 94.9360 mm): Pad 1 [Net-(D14-A)] of U12 on F.Cu
[unconnected_items]: Missing connection between items
    Local override; error
    @(150.0150 mm, 90.0950 mm): Pad 1 [Net-(U12-IN)] of C16 on F.Cu
    @(123.3000 mm, 95.1650 mm): Pad 1 [Net-(U12-IN)] of L2 on F.Cu
[unconnected_items]: Missing connection between items
    Local override; error
    @(170.7400 mm, 92.6360 mm): Pad 5 [Net-(U12-IN)] of U12 on F.Cu
    @(150.0150 mm, 90.0950 mm): Pad 1 [Net-(U12-IN)] of C16 on F.Cu
[unconnected_items]: Missing connection between items
    Local override; error
    @(134.8850 mm, 90.5150 mm): Pad 42 [/GNSS] of U2 on F.Cu
    @(160.9950 mm, 66.4950 mm): Pad 1 [/GNSS] of U10 on F.Cu
[unconnected_items]: Missing connection between items
    Local override; error
    @(122.9050 mm, 109.8345 mm): Pad 10 [/SIM_IO] of D3 on F.Cu
    @(157.7350 mm, 108.4150 mm): Pad 1 [/SIM_IO] of R4 on F.Cu
[unconnected_items]: Missing connection between items
    Local override; error
    @(123.6250 mm, 89.5150 mm): Pad 17 [/SIM_IO] of U2 on F.Cu
    @(122.9050 mm, 109.8345 mm): Pad 10 [/SIM_IO] of D3 on F.Cu
[unconnected_items]: Missing connection between items
    Local override; error
    @(129.2700 mm, 101.3850 mm): Pad D1 [Net-(C10-Pad1)] of U3 on F.Cu
    @(129.6900 mm, 101.3850 mm): Pad D2 [Net-(C10-Pad1)] of U3 on F.Cu
[unconnected_items]: Missing connection between items
    Local override; error
    @(129.6900 mm, 101.3850 mm): Pad D2 [Net-(C10-Pad1)] of U3 on F.Cu
    @(160.6150 mm, 92.5850 mm): Pad 1 [Net-(C10-Pad1)] of C10 on F.Cu
[unconnected_items]: Missing connection between items
    Local override; error
    @(169.7900 mm, 99.3080 mm): Pad 1 [Net-(D15-A)] of U13 on F.Cu
    @(126.5000 mm, 100.5150 mm): Pad 2 [Net-(D15-A)] of L3 on F.Cu
[unconnected_items]: Missing connection between items
    Local override; error
    @(171.4200 mm, 111.4750 mm): Pad 2 [Net-(D15-A)] of D15 on F.Cu
    @(169.7900 mm, 99.3080 mm): Pad 1 [Net-(D15-A)] of U13 on F.Cu
[unconnected_items]: Missing connection between items
    Local override; error
    @(143.2000 mm, 66.1250 mm): Pad 2 [Net-(D6-A)] of D6 on F.Cu
    @(145.2000 mm, 70.3750 mm): Pad 1 [Net-(D6-A)] of D7 on F.Cu
[unconnected_items]: Missing connection between items
    Local override; error
    @(152.4000 mm, 66.1250 mm): Pad 2 [Net-(D10-A)] of D10 on F.Cu
    @(154.4000 mm, 70.3750 mm): Pad 1 [Net-(D10-A)] of D11 on F.Cu
[unconnected_items]: Missing connection between items
    Local override; error
    @(138.6000 mm, 66.1250 mm): Pad 2 [Net-(D1-A)] of D1 on F.Cu
    @(143.2000 mm, 70.3750 mm): Pad 2 [Net-(D1-A)] of D7 on F.Cu
[unconnected_items]: Missing connection between items
    Local override; error
    @(143.2000 mm, 70.3750 mm): Pad 2 [Net-(D1-A)] of D7 on F.Cu
    @(147.8000 mm, 70.3750 mm): Pad 2 [Net-(D1-A)] of D9 on F.Cu
[unconnected_items]: Missing connection between items
    Local override; error
    @(147.8000 mm, 70.3750 mm): Pad 2 [Net-(D1-A)] of D9 on F.Cu
    @(152.4000 mm, 70.3750 mm): Pad 2 [Net-(D1-A)] of D11 on F.Cu
[unconnected_items]: Missing connection between items
    Local override; error
    @(152.4000 mm, 70.3750 mm): Pad 2 [Net-(D1-A)] of D11 on F.Cu
    @(165.5400 mm, 70.2950 mm): Pad 3 [Net-(D1-A)] of Q2 on F.Cu
[unconnected_items]: Missing connection between items
    Local override; error
    @(127.2250 mm, 110.1050 mm): Pad 1 [/RF] of L6 on F.Cu
    @(164.4450 mm, 94.5550 mm): Pad 2 [/RF] of C25 on F.Cu
[unconnected_items]: Missing connection between items
    Local override; error
    @(164.4450 mm, 94.5550 mm): Pad 2 [/RF] of C25 on F.Cu
    @(171.3450 mm, 76.6250 mm): Pad 1 [/RF] of R30 on F.Cu
[unconnected_items]: Missing connection between items
    Local override; error
    @(171.3450 mm, 76.6250 mm): Pad 1 [/RF] of R30 on F.Cu
    @(171.3450 mm, 73.3250 mm): Pad 1 [/RF] of C_ANT1 on F.Cu
[unconnected_items]: Missing connection between items
    Local override; error
    @(161.6650 mm, 108.4150 mm): Pad 2 [Net-(U13-FB)] of R21 on F.Cu
    @(160.6450 mm, 110.4050 mm): Pad 1 [Net-(U13-FB)] of R22 on F.Cu
[unconnected_items]: Missing connection between items
    Local override; error
    @(171.6900 mm, 99.3080 mm): Pad 3 [Net-(U13-FB)] of U13 on F.Cu
    @(161.6650 mm, 108.4150 mm): Pad 2 [Net-(U13-FB)] of R21 on F.Cu
[unconnected_items]: Missing connection between items
    Local override; error
    @(145.2750 mm, 99.8250 mm): Pad U24 [/VTref_52840] of U1 on F.Cu
    @(150.2950 mm, 104.5000 mm): Pad 1 [/VTref_52840] of U14 on F.Cu
[unconnected_items]: Missing connection between items
    Local override; error
    @(145.2750 mm, 101.3250 mm): Pad AC24 [/SWDIO_52840] of U1 on F.Cu
    @(150.2950 mm, 100.6000 mm): Pad 2 [/SWDIO_52840] of U14 on F.Cu
[unconnected_items]: Missing connection between items
    Local override; error
    @(145.2750 mm, 100.8250 mm): Pad AA24 [/SWDCLK_52840] of U1 on F.Cu
    @(151.5650 mm, 100.6000 mm): Pad 4 [/SWDCLK_52840] of U14 on F.Cu
[unconnected_items]: Missing connection between items
    Local override; error
    @(144.2750 mm, 101.8250 mm): Pad AD22 [/SWO_52840] of U1 on F.Cu
    @(152.8350 mm, 100.6000 mm): Pad 6 [/SWO_52840] of U14 on F.Cu
[unconnected_items]: Missing connection between items
    Local override; error
    @(142.0250 mm, 101.3250 mm): Pad AC13 [/nRST_52840] of U1 on F.Cu
    @(155.3750 mm, 100.6000 mm): Pad 10 [/nRST_52840] of U14 on F.Cu
[unconnected_items]: Missing connection between items
    Local override; error
    @(144.7750 mm, 97.5750 mm): Pad H23 [Net-(U1-ANT)] of U1 on F.Cu
    @(128.3250 mm, 110.1050 mm): Pad 2 [Net-(U1-ANT)] of L6 on F.Cu
[unconnected_items]: Missing connection between items
    Local override; error
    @(164.4450 mm, 96.5250 mm): Pad 2 [Net-(U1-ANT)] of C26 on F.Cu
    @(144.7750 mm, 97.5750 mm): Pad H23 [Net-(U1-ANT)] of U1 on F.Cu
[unconnected_items]: Missing connection between items
    Local override; error
    @(143.5250 mm, 95.8250 mm): Pad B19 [Net-(U1-P1.11)] of U1 on F.Cu
    @(157.7350 mm, 112.3950 mm): Pad 1 [Net-(U1-P1.11)] of R6 on F.Cu
[unconnected_items]: Missing connection between items
    Local override; error
    @(149.9750 mm, 110.4850 mm): Pad 2 [Net-(LED2-G-)] of LED2 on F.Cu
    @(158.7550 mm, 112.3950 mm): Pad 2 [Net-(LED2-G-)] of R6 on F.Cu
[unconnected_items]: Missing connection between items
    Local override; error
    @(150.0150 mm, 87.0850 mm): Pad 1 [/BIO_LS] of C9 on F.Cu
    @(130.5300 mm, 100.0650 mm): Pad A4 [/BIO_LS] of U3 on F.Cu
[unconnected_items]: Missing connection between items
    Local override; error
    @(169.6400 mm, 83.8450 mm): Pad 6 [/BIO_LS] of U8 on F.Cu
    @(150.0150 mm, 87.0850 mm): Pad 1 [/BIO_LS] of C9 on F.Cu
[unconnected_items]: Missing connection between items
    Local override; error
    @(147.8000 mm, 66.1250 mm): Pad 2 [Net-(D8-A)] of D8 on F.Cu
    @(149.8000 mm, 70.3750 mm): Pad 1 [Net-(D8-A)] of D9 on F.Cu
[unconnected_items]: Missing connection between items
    Local override; error
    @(130.5300 mm, 101.3850 mm): Pad D4 [Net-(U3-SHPHLD)] of U3 on F.Cu
    @(161.3250 mm, 78.9000 mm): Pad 1 [Net-(U3-SHPHLD)] of SW1 on F.Cu
[unconnected_items]: Missing connection between items
    Local override; error
    @(143.7750 mm, 95.3250 mm): Pad A20 [Net-(U1-P1.10)] of U1 on F.Cu
    @(157.7350 mm, 110.4050 mm): Pad 1 [Net-(U1-P1.10)] of R5 on F.Cu
[unconnected_items]: Missing connection between items
    Local override; error
    @(149.9750 mm, 111.3850 mm): Pad 1 [Net-(LED2-R-)] of LED2 on F.Cu
    @(158.7550 mm, 110.4050 mm): Pad 2 [Net-(LED2-R-)] of R5 on F.Cu
[unconnected_items]: Missing connection between items
    Local override; error
    @(132.0050 mm, 81.1450 mm): Pad 65 [/VTref_9151] of U2 on F.Cu
    @(132.9500 mm, 95.7050 mm): PTH pad 2 [/VTref_9151] of U9
[unconnected_items]: Missing connection between items
    Local override; error
    @(132.9500 mm, 95.7050 mm): PTH pad 2 [/VTref_9151] of U9
    @(150.2950 mm, 97.2000 mm): Pad 1 [/VTref_9151] of U11 on F.Cu
[unconnected_items]: Missing connection between items
    Local override; error
    @(150.2950 mm, 97.2000 mm): Pad 1 [/VTref_9151] of U11 on F.Cu
    @(164.4450 mm, 100.4650 mm): Pad 2 [/VTref_9151] of C29 on F.Cu
[unconnected_items]: Missing connection between items
    Local override; error
    @(145.2750 mm, 98.8250 mm): Pad N24 [Net-(U1-DEC5)] of U1 on F.Cu
    @(161.5750 mm, 98.4950 mm): Pad 2 [Net-(U1-DEC5)] of C13 on F.Cu
[unconnected_items]: Missing connection between items
    Local override; error
    @(171.3450 mm, 74.9750 mm): Pad 1 [Net-(C_ANT2-Pad1)] of C_ANT2 on F.Cu
    @(165.7400 mm, 65.7650 mm): Pad 1 [Net-(C_ANT2-Pad1)] of U7 on F.Cu
[unconnected_items]: Missing connection between items
    Local override; error
    @(171.8450 mm, 76.6250 mm): Pad 2 [Net-(C_ANT2-Pad1)] of R30 on F.Cu
    @(171.3450 mm, 74.9750 mm): Pad 1 [Net-(C_ANT2-Pad1)] of C_ANT2 on F.Cu
[unconnected_items]: Missing connection between items
    Local override; error
    @(129.6900 mm, 101.8250 mm): Pad E2 [Net-(U3-VSET1)] of U3 on F.Cu
    @(157.7350 mm, 102.4450 mm): Pad 1 [Net-(U3-VSET1)] of R1 on F.Cu
[unconnected_items]: Missing connection between items
    Local override; error
    @(140.0250 mm, 101.3250 mm): Pad AC5 [Net-(U1-DECUSB)] of U1 on F.Cu
    @(161.5750 mm, 100.4650 mm): Pad 2 [Net-(U1-DECUSB)] of C15 on F.Cu
[unconnected_items]: Missing connection between items
    Local override; error
    @(126.0050 mm, 81.1450 mm): Pad 77 [/UART_RX] of U2 on F.Cu
    @(127.9500 mm, 95.7050 mm): PTH pad 4 [/UART_RX] of U9
[unconnected_items]: Missing connection between items
    Local override; error
    @(127.9500 mm, 95.7050 mm): PTH pad 4 [/UART_RX] of U9
    @(141.0250 mm, 101.3250 mm): Pad AC9 [/UART_RX] of U1 on F.Cu
[unconnected_items]: Missing connection between items
    Local override; error
    @(130.1100 mm, 101.8250 mm): Pad E3 [/NPM_SCL] of U3 on F.Cu
    @(141.5250 mm, 101.3250 mm): Pad AC11 [/NPM_SCL] of U1 on F.Cu
[unconnected_items]: Missing connection between items
    Local override; error
    @(130.1100 mm, 100.9450 mm): Pad C3 [/VBOUSOUT] of U3 on F.Cu
    @(139.2750 mm, 101.8250 mm): Pad AD2 [/VBOUSOUT] of U1 on F.Cu
[unconnected_items]: Missing connection between items
    Local override; error
    @(139.2750 mm, 101.8250 mm): Pad AD2 [/VBOUSOUT] of U1 on F.Cu
    @(163.4850 mm, 92.5850 mm): Pad 1 [/VBOUSOUT] of C24 on F.Cu
[unconnected_items]: Missing connection between items
    Local override; error
    @(139.7750 mm, 101.8250 mm): Pad AD4 [/USB_D-] of U1 on F.Cu
    @(141.6700 mm, 104.6500 mm): Pad B7 [/USB_D-] of USB1 on F.Cu
[unconnected_items]: Missing connection between items
    Local override; error
    @(141.6700 mm, 104.6500 mm): Pad B7 [/USB_D-] of USB1 on F.Cu
    @(142.6700 mm, 104.6500 mm): Pad A7 [/USB_D-] of USB1 on F.Cu
[unconnected_items]: Missing connection between items
    Local override; error
    @(155.5950 mm, 109.5500 mm): Pad 3 [/USB_D-] of D5 on F.Cu
    @(142.6700 mm, 104.6500 mm): Pad A7 [/USB_D-] of USB1 on F.Cu
[unconnected_items]: Missing connection between items
    Local override; error
    @(140.2750 mm, 101.8250 mm): Pad AD6 [/USB_D+] of U1 on F.Cu
    @(142.1700 mm, 104.6500 mm): Pad A6 [/USB_D+] of USB1 on F.Cu
[unconnected_items]: Missing connection between items
    Local override; error
    @(142.1700 mm, 104.6500 mm): Pad A6 [/USB_D+] of USB1 on F.Cu
    @(143.1700 mm, 104.6500 mm): Pad B6 [/USB_D+] of USB1 on F.Cu
[unconnected_items]: Missing connection between items
    Local override; error
    @(153.5950 mm, 109.5500 mm): Pad 2 [/USB_D+] of D5 on F.Cu
    @(143.1700 mm, 104.6500 mm): Pad B6 [/USB_D+] of USB1 on F.Cu
[unconnected_items]: Missing connection between items
    Local override; error
    @(125.5050 mm, 81.1450 mm): Pad 78 [/UART_TX] of U2 on F.Cu
    @(130.4500 mm, 95.7050 mm): PTH pad 3 [/UART_TX] of U9
[unconnected_items]: Missing connection between items
    Local override; error
    @(130.4500 mm, 95.7050 mm): PTH pad 3 [/UART_TX] of U9
    @(140.7750 mm, 101.8250 mm): Pad AD8 [/UART_TX] of U1 on F.Cu
[unconnected_items]: Missing connection between items
    Local override; error
    @(130.9500 mm, 101.8250 mm): Pad E5 [/NPM_SDA] of U3 on F.Cu
    @(141.2750 mm, 101.8250 mm): Pad AD10 [/NPM_SDA] of U1 on F.Cu
[unconnected_items]: Missing connection between items
    Local override; error
    @(131.3700 mm, 101.8250 mm): Pad E6 [/NPM_INT] of U3 on F.Cu
    @(141.7750 mm, 101.8250 mm): Pad AD12 [/NPM_INT] of U1 on F.Cu
[unconnected_items]: Missing connection between items
    Local override; error
    @(143.0250 mm, 95.8250 mm): Pad B17 [Net-(U1-P1.12)] of U1 on F.Cu
    @(163.5550 mm, 106.4250 mm): Pad 1 [Net-(U1-P1.12)] of R28 on F.Cu
[unconnected_items]: Missing connection between items
    Local override; error
    @(144.7750 mm, 96.5750 mm): Pad D23 [Net-(U1-DEC3)] of U1 on F.Cu
    @(161.5750 mm, 94.5550 mm): Pad 2 [Net-(U1-DEC3)] of C11 on F.Cu
[unconnected_items]: Missing connection between items
    Local override; error
    @(138.7750 mm, 97.3250 mm): Pad G1 [/SEN_TX] of U1 on F.Cu
    @(166.6400 mm, 83.8450 mm): Pad 3 [/SEN_TX] of U8 on F.Cu
[unconnected_items]: Missing connection between items
    Local override; error
    @(139.2750 mm, 97.5750 mm): Pad H2 [/SEN_RX] of U1 on F.Cu
    @(165.6400 mm, 83.8450 mm): Pad 2 [/SEN_RX] of U8 on F.Cu
[unconnected_items]: Missing connection between items
    Local override; error
    @(144.7750 mm, 100.0750 mm): Pad V23 [/SEN_IRQ] of U1 on F.Cu
    @(168.6400 mm, 83.8450 mm): Pad 5 [/SEN_IRQ] of U8 on F.Cu
[unconnected_items]: Missing connection between items
    Local override; error
    @(131.3700 mm, 101.3850 mm): Pad D6 [/NPM_RESET] of U3 on F.Cu
    @(144.7750 mm, 100.5750 mm): Pad Y23 [/NPM_RESET] of U1 on F.Cu
[unconnected_items]: Missing connection between items
    Local override; error
    @(129.2700 mm, 100.5050 mm): Pad B1 [/VBUS] of U3 on F.Cu
    @(129.6900 mm, 100.5050 mm): Pad B2 [/VBUS] of U3 on F.Cu
[unconnected_items]: Missing connection between items
    Local override; error
    @(129.6900 mm, 100.5050 mm): Pad B2 [/VBUS] of U3 on F.Cu
    @(140.0200 mm, 104.6500 mm): Pad A4B9 [/VBUS] of USB1 on F.Cu
[unconnected_items]: Missing connection between items
    Local override; error
    @(144.8200 mm, 104.6500 mm): Pad B4A9 [/VBUS] of USB1 on F.Cu
    @(140.0200 mm, 104.6500 mm): Pad A4B9 [/VBUS] of USB1 on F.Cu
[unconnected_items]: Missing connection between items
    Local override; error
    @(155.5950 mm, 107.6500 mm): Pad 4 [/VBUS] of D5 on F.Cu
    @(144.8200 mm, 104.6500 mm): Pad B4A9 [/VBUS] of USB1 on F.Cu
[unconnected_items]: Missing connection between items
    Local override; error
    @(155.5950 mm, 107.6500 mm): Pad 4 [/VBUS] of D5 on F.Cu
    @(157.7450 mm, 96.5250 mm): Pad 1 [/VBUS] of C5 on F.Cu
[unconnected_items]: Missing connection between items
    Local override; error
    @(130.5300 mm, 100.5050 mm): Pad B4 [+3.3V] of U3 on F.Cu
    @(131.7900 mm, 101.3850 mm): Pad D7 [+3.3V] of U3 on F.Cu
[unconnected_items]: Missing connection between items
    Local override; error
    @(160.8150 mm, 87.0850 mm): Pad 2 [+3.3V] of C23 on F.Cu
    @(167.6400 mm, 83.8450 mm): Pad 4 [+3.3V] of U8 on F.Cu
[unconnected_items]: Missing connection between items
    Local override; error
    @(160.8150 mm, 87.0850 mm): Pad 2 [+3.3V] of C23 on F.Cu
    @(131.7900 mm, 101.3850 mm): Pad D7 [+3.3V] of U3 on F.Cu
[unconnected_items]: Missing connection between items
    Local override; error
    @(167.6400 mm, 83.8450 mm): Pad 4 [+3.3V] of U8 on F.Cu
    @(169.3100 mm, 75.1550 mm): Pad 1 [+3.3V] of L5 on F.Cu
[unconnected_items]: Missing connection between items
    Local override; error
    @(131.3700 mm, 100.9450 mm): Pad C6 [Net-(U3-VOUT2)] of U3 on F.Cu
    @(166.5100 mm, 75.1550 mm): Pad 2 [Net-(U3-VOUT2)] of L5 on F.Cu
[unconnected_items]: Missing connection between items
    Local override; error
    @(131.5050 mm, 91.3850 mm): Pad 35 [/CELL] of U2 on F.Cu
    @(156.4250 mm, 66.4950 mm): Pad 1 [/CELL] of U6 on F.Cu
[unconnected_items]: Missing connection between items
    Local override; error
    @(122.9050 mm, 110.6545 mm): Pad 1 [Net-(C1-Pad1)] of D3 on F.Cu
    @(157.7450 mm, 92.5850 mm): Pad 1 [Net-(C1-Pad1)] of C1 on F.Cu
[unconnected_items]: Missing connection between items
    Local override; error
    @(126.0050 mm, 91.3850 mm): Pad 24 [Net-(U2-DEC0)] of U2 on F.Cu
    @(167.3150 mm, 94.5550 mm): Pad 2 [Net-(U2-DEC0)] of C31 on F.Cu
[unconnected_items]: Missing connection between items
    Local override; error
    @(129.2700 mm, 100.0650 mm): Pad A1 [Net-(LED1-R-)] of U3 on F.Cu
    @(149.9750 mm, 108.1750 mm): Pad 1 [Net-(LED1-R-)] of LED1 on F.Cu
[unconnected_items]: Missing connection between items
    Local override; error
    @(129.6900 mm, 100.0650 mm): Pad A2 [Net-(LED1-G-)] of U3 on F.Cu
    @(149.9750 mm, 107.2750 mm): Pad 2 [Net-(LED1-G-)] of LED1 on F.Cu
[unconnected_items]: Missing connection between items
    Local override; error
    @(130.1100 mm, 100.0650 mm): Pad A3 [Net-(LED1-B-)] of U3 on F.Cu
    @(151.5750 mm, 107.2750 mm): Pad 3 [Net-(LED1-B-)] of LED1 on F.Cu
[unconnected_items]: Missing connection between items
    Local override; error
    @(151.5750 mm, 110.4850 mm): Pad 3 [Net-(LED2-B-)] of LED2 on F.Cu
    @(164.5750 mm, 106.4250 mm): Pad 2 [Net-(LED2-B-)] of R28 on F.Cu
[unconnected_items]: Missing connection between items
    Local override; error
    @(130.1100 mm, 100.5050 mm): Pad B3 [/CC2] of U3 on F.Cu
    @(144.1700 mm, 104.6500 mm): Pad B5 [/CC2] of USB1 on F.Cu
[unconnected_items]: Missing connection between items
    Local override; error
    @(131.7900 mm, 100.5050 mm): Pad B7 [Net-(U3-SW1)] of U3 on F.Cu
    @(161.4250 mm, 75.1550 mm): Pad 2 [Net-(U3-SW1)] of L4 on F.Cu
[unconnected_items]: Missing connection between items
    Local override; error
    @(130.9500 mm, 101.3850 mm): Pad D5 [/CC1] of U3 on F.Cu
    @(141.1700 mm, 104.6500 mm): Pad A5 [/CC1] of USB1 on F.Cu
[unconnected_items]: Missing connection between items
    Local override; error
    @(123.6250 mm, 90.5150 mm): Pad 19 [/SIM_1V8] of U2 on F.Cu
    @(124.9050 mm, 109.8345 mm): Pad 6 [/SIM_1V8] of D3 on F.Cu
[unconnected_items]: Missing connection between items
    Local override; error
    @(123.6250 mm, 89.0150 mm): Pad 16 [/SIM_RST] of U2 on F.Cu
    @(124.4050 mm, 109.8345 mm): Pad 7 [/SIM_RST] of D3 on F.Cu
[unconnected_items]: Missing connection between items
    Local override; error
    @(123.4050 mm, 109.8345 mm): Pad 9 [/SIM_CLK] of D3 on F.Cu
    @(157.7350 mm, 106.4250 mm): Pad 1 [/SIM_CLK] of R3 on F.Cu
[unconnected_items]: Missing connection between items
    Local override; error
    @(123.6250 mm, 90.0150 mm): Pad 18 [/SIM_CLK] of U2 on F.Cu
    @(123.4050 mm, 109.8345 mm): Pad 9 [/SIM_CLK] of D3 on F.Cu
[unconnected_items]: Missing connection between items
    Local override; error
    @(123.6250 mm, 83.0150 mm): Pad 4 [/SWDIO_9151] of U2 on F.Cu
    @(150.2950 mm, 93.3000 mm): Pad 2 [/SWDIO_9151] of U11 on F.Cu
[unconnected_items]: Missing connection between items
    Local override; error
    @(123.6250 mm, 82.5150 mm): Pad 3 [/SWDCLK_9151] of U2 on F.Cu
    @(151.5650 mm, 93.3000 mm): Pad 4 [/SWDCLK_9151] of U11 on F.Cu
[unconnected_items]: Missing connection between items
    Local override; error
    @(125.0050 mm, 81.1450 mm): Pad 79 [/SWO_9151] of U2 on F.Cu
    @(152.8350 mm, 93.3000 mm): Pad 6 [/SWO_9151] of U11 on F.Cu
[unconnected_items]: Missing connection between items
    Local override; error
    @(123.6250 mm, 85.5150 mm): Pad 9 [/nRST_9151] of U2 on F.Cu
    @(155.3750 mm, 93.3000 mm): Pad 10 [/nRST_9151] of U11 on F.Cu

** Found 0 Footprint errors **

** Ignored checks **
    - Footprint has no courtyard defined
    - Track endpoint not centered on via
    - Tuning profile track geometries
    - Footprint doesn't match symbol's footprint filters
    - Footprint component type doesn't match footprint pads

** End of Report **
