ERC report (2026-06-17T10:36:13, Encoding UTF8)
Report includes: Errors

***** Sheet /
[power_pin_not_driven]: Input Power pin not driven by any Output Power pins
    ; error
    @(365.76 mm, 34.29 mm): Symbol J3 Pin 1 [VCC, Power input, Line]
[pin_not_driven]: Input pin not driven by any Output pins
    ; error
    @(365.76 mm, 36.83 mm): Symbol J3 Pin 2 [RST, Input, Line]
[label_dangling]: Label not connected
    ; error
    @(372.11 mm, 119.38 mm): Label 'NPM_INT'
[label_dangling]: Label not connected
    ; error
    @(372.11 mm, 121.92 mm): Label 'NPM_SDA'
[label_dangling]: Label not connected
    ; error
    @(372.11 mm, 124.46 mm): Label 'NPM_SCL'
[label_dangling]: Label not connected
    ; error
    @(397.51 mm, 118.11 mm): Label 'ACC_SDA'
[label_dangling]: Label not connected
    ; error
    @(397.51 mm, 120.65 mm): Label 'ACC_SCL'
[label_dangling]: Label not connected
    ; error
    @(397.51 mm, 123.19 mm): Label 'ACC_INT1'
[label_dangling]: Label not connected
    ; error
    @(397.51 mm, 125.73 mm): Label 'ACC_INT2'
[label_dangling]: Label not connected
    ; error
    @(410.21 mm, 137.16 mm): Label 'SIREN_PWM_INVERTED'
[power_pin_not_driven]: Input Power pin not driven by any Output Power pins
    ; error
    @(426.72 mm, 90.17 mm): Symbol CN1 Pin 2 [2, Input, Line]
[label_dangling]: Label not connected
    ; error
    @(414.02 mm, 139.70 mm): Label 'SIREN_FB'
[label_dangling]: Label not connected
    ; error
    @(414.02 mm, 142.24 mm): Label 'SIREN_PWM'
[label_dangling]: Label not connected
    ; error
    @(424.18 mm, 116.84 mm): Label 'SEN_RX'
[label_dangling]: Label not connected
    ; error
    @(424.18 mm, 119.38 mm): Label 'SEN_TX'
[power_pin_not_driven]: Input Power pin not driven by any Output Power pins
    ; error
    @(458.47 mm, 34.29 mm): Symbol #PWR032 Pin 1 [Power input, Line]
[label_dangling]: Label not connected
    ; error
    @(445.77 mm, 125.73 mm): Label 'nRST_52840'
[label_dangling]: Label not connected
    ; error
    @(454.66 mm, 115.57 mm): Label 'VCC_52840'
[label_dangling]: Label not connected
    ; error
    @(455.93 mm, 118.11 mm): Label 'SWDIO_52840'
[label_dangling]: Label not connected
    ; error
    @(455.93 mm, 120.65 mm): Label 'SWDCLK_52840'
[label_dangling]: Label not connected
    ; error
    @(455.93 mm, 123.19 mm): Label 'SWO_52840'
[label_dangling]: Label not connected
    ; error
    @(454.66 mm, 143.51 mm): Label 'Strobe_In'
[label_dangling]: Label not connected
    ; error
    @(467.36 mm, 118.11 mm): Label 'SWDIO_9151'
[label_dangling]: Label not connected
    ; error
    @(467.36 mm, 120.65 mm): Label 'SWDCLK_9151'
[label_dangling]: Label not connected
    ; error
    @(467.36 mm, 123.19 mm): Label 'SWO_9151'
[power_pin_not_driven]: Input Power pin not driven by any Output Power pins
    ; error
    @(429.26 mm, 222.25 mm): Symbol U1 Pin B1 [VDD, Power input, Line]
[label_dangling]: Label not connected
    ; error
    @(468.63 mm, 125.73 mm): Label 'nRST_9151'
[power_pin_not_driven]: Input Power pin not driven by any Output Power pins
    ; error
    @(434.34 mm, 222.25 mm): Symbol U1 Pin AD2 [VBUS, Power input, Line]
[label_dangling]: Label not connected
    ; error
    @(476.25 mm, 115.57 mm): Label 'VCC_9151'
[label_dangling]: Label not connected
    ; error
    @(472.44 mm, 142.24 mm): Label 'SIM_1V8'
[label_dangling]: Label not connected
    ; error
    @(472.44 mm, 144.78 mm): Label 'SIM_RST'
[label_dangling]: Label not connected
    ; error
    @(472.44 mm, 147.32 mm): Label 'SIM_CLK'
[label_dangling]: Label not connected
    ; error
    @(472.44 mm, 149.86 mm): Label 'SIM_IO'
[pin_not_driven]: Input pin not driven by any Output pins
    ; error
    @(396.24 mm, 339.09 mm): Symbol U1 Pin AA24 [SWDCLK, Input, Line]
[power_pin_not_driven]: Input Power pin not driven by any Output Power pins
    ; error
    @(765.81 mm, 256.54 mm): Symbol #PWR074 Pin 1 [Power input, Line]

 ** ERC messages: 35  Errors 35  Warnings 0

 ** Ignored checks:
    - Global label only appears once in the schematic
    - Four connection points are joined together
    - SPICE model issue
    - Assigned footprint doesn't match footprint filters
